Thu, 12 Oct 2023 03:08:07 GMT ============================= test session starts ==============================
Thu, 12 Oct 2023 03:08:07 GMT platform linux -- Python 3.8.17, pytest-7.4.2, pluggy-1.3.0 -- /usr/bin/python3.8
Thu, 12 Oct 2023 03:08:07 GMT cachedir: .pytest_cache
Thu, 12 Oct 2023 03:08:07 GMT django: settings: pulpcore.app.settings (from env)
Thu, 12 Oct 2023 03:08:07 GMT rootdir: /
Thu, 12 Oct 2023 03:08:07 GMT plugins: custom-exit-code-0.3.0, django-4.5.2, xdist-3.3.1, pulp-file-1.15.0.dev0, pulpcore-3.37.0, pulp-certguard-1.6.5
Thu, 12 Oct 2023 03:08:07 GMT created: 8/8 workers
Thu, 12 Oct 2023 03:08:07 GMT 8 workers [99 items]
Thu, 12 Oct 2023 03:08:07 GMT
Thu, 12 Oct 2023 03:08:07 GMT scheduling tests via LoadScheduling
Thu, 12 Oct 2023 03:08:07 GMT
Thu, 12 Oct 2023 03:08:07 GMT usr/local/lib/python3.8/site-packages/pulp_file/tests/functional/api/test_crud_content_unit.py::test_same_sha256_same_relative_path_repo_specified
Thu, 12 Oct 2023 03:08:07 GMT usr/local/lib/python3.8/site-packages/pulp_file/tests/functional/api/test_bad_sync.py::test_bad_response_retry_multiple_files
Thu, 12 Oct 2023 03:08:07 GMT usr/local/lib/python3.8/site-packages/pulp_file/tests/functional/api/test_crud_remotes.py::test_default_remote_policy_immediate
Thu, 12 Oct 2023 03:08:07 GMT usr/local/lib/python3.8/site-packages/pulp_file/tests/functional/api/test_acs.py::test_acs_validation_and_update
Thu, 12 Oct 2023 03:08:07 GMT usr/local/lib/python3.8/site-packages/pulp_file/tests/functional/api/test_crud_remotes.py::test_remote_crud_workflow
Thu, 12 Oct 2023 03:08:07 GMT usr/local/lib/python3.8/site-packages/pulp_file/tests/functional/api/test_acs.py::test_serving_acs_content
Thu, 12 Oct 2023 03:08:07 GMT usr/local/lib/python3.8/site-packages/pulp_file/tests/functional/api/test_crud_content_unit.py::test_cannot_create_repo_version_with_two_relative_paths_the_same
Thu, 12 Oct 2023 03:08:08 GMT usr/local/lib/python3.8/site-packages/pulp_file/tests/functional/api/test_crud_remotes.py::test_can_update_remote_policy
Thu, 12 Oct 2023 03:08:12 GMT [gw6] [  1%] PASSED usr/local/lib/python3.8/site-packages/pulp_file/tests/functional/api/test_crud_remotes.py::test_default_remote_policy_immediate
Thu, 12 Oct 2023 03:08:14 GMT usr/local/lib/python3.8/site-packages/pulp_file/tests/functional/api/test_crud_remotes.py::test_specify_remote_policy_streamed
Thu, 12 Oct 2023 03:08:14 GMT [gw6] [  2%] PASSED usr/local/lib/python3.8/site-packages/pulp_file/tests/functional/api/test_crud_remotes.py::test_specify_remote_policy_streamed
Thu, 12 Oct 2023 03:08:18 GMT [gw7] [  3%] PASSED usr/local/lib/python3.8/site-packages/pulp_file/tests/functional/api/test_crud_remotes.py::test_can_update_remote_policy
Thu, 12 Oct 2023 03:08:18 GMT usr/local/lib/python3.8/site-packages/pulp_file/tests/functional/api/test_crud_remotes.py::test_specify_remote_policy_on_demand
Thu, 12 Oct 2023 03:08:19 GMT usr/local/lib/python3.8/site-packages/pulp_file/tests/functional/api/test_domains.py::test_object_creation
Thu, 12 Oct 2023 03:08:20 GMT [gw2] [  4%] PASSED usr/local/lib/python3.8/site-packages/pulp_file/tests/functional/api/test_bad_sync.py::test_bad_response_retry_multiple_files
Thu, 12 Oct 2023 03:08:20 GMT [gw6] [  5%] PASSED usr/local/lib/python3.8/site-packages/pulp_file/tests/functional/api/test_crud_remotes.py::test_specify_remote_policy_on_demand
Thu, 12 Oct 2023 03:08:23 GMT [gw5] [  6%] PASSED usr/local/lib/python3.8/site-packages/pulp_file/tests/functional/api/test_crud_remotes.py::test_remote_crud_workflow
Thu, 12 Oct 2023 03:08:24 GMT usr/local/lib/python3.8/site-packages/pulp_file/tests/functional/api/test_domains.py::test_content_upload
Thu, 12 Oct 2023 03:08:26 GMT usr/local/lib/python3.8/site-packages/pulp_file/tests/functional/api/test_crud_remotes.py::test_create_file_remote_with_invalid_parameter
Thu, 12 Oct 2023 03:08:26 GMT [gw5] [  7%] PASSED usr/local/lib/python3.8/site-packages/pulp_file/tests/functional/api/test_crud_remotes.py::test_create_file_remote_with_invalid_parameter
Thu, 12 Oct 2023 03:08:26 GMT usr/local/lib/python3.8/site-packages/pulp_file/tests/functional/api/test_crud_remotes.py::test_create_file_remote_without_url
Thu, 12 Oct 2023 03:08:28 GMT usr/local/lib/python3.8/site-packages/pulp_file/tests/functional/api/test_crud_content_unit.py::test_crud_content_unit
Thu, 12 Oct 2023 03:08:28 GMT [gw5] [  8%] PASSED usr/local/lib/python3.8/site-packages/pulp_file/tests/functional/api/test_crud_remotes.py::test_create_file_remote_without_url
Thu, 12 Oct 2023 03:08:30 GMT usr/local/lib/python3.8/site-packages/pulp_file/tests/functional/api/test_download_policies.py::test_download_policy[immediate]
Thu, 12 Oct 2023 03:08:30 GMT [gw4] [  9%] PASSED usr/local/lib/python3.8/site-packages/pulp_file/tests/functional/api/test_crud_content_unit.py::test_cannot_create_repo_version_with_two_relative_paths_the_same
Thu, 12 Oct 2023 03:08:31 GMT [gw1] [ 10%] PASSED usr/local/lib/python3.8/site-packages/pulp_file/tests/functional/api/test_acs.py::test_serving_acs_content
Thu, 12 Oct 2023 03:08:33 GMT [gw7] [ 11%] PASSED usr/local/lib/python3.8/site-packages/pulp_file/tests/functional/api/test_domains.py::test_object_creation
Thu, 12 Oct 2023 03:08:38 GMT [gw0] [ 12%] PASSED usr/local/lib/python3.8/site-packages/pulp_file/tests/functional/api/test_acs.py::test_acs_validation_and_update
Thu, 12 Oct 2023 03:08:39 GMT usr/local/lib/python3.8/site-packages/pulp_file/tests/functional/api/test_crud_content_unit.py::test_bad_inputs_to_modify_endpoint
Thu, 12 Oct 2023 03:08:40 GMT [gw2] [ 13%] PASSED usr/local/lib/python3.8/site-packages/pulp_file/tests/functional/api/test_crud_content_unit.py::test_crud_content_unit
Thu, 12 Oct 2023 03:08:43 GMT usr/local/lib/python3.8/site-packages/pulp_file/tests/functional/api/test_crud_content_unit.py::test_same_sha256_same_relative_path_no_repo
Thu, 12 Oct 2023 03:08:43 GMT usr/local/lib/python3.8/site-packages/pulp_file/tests/functional/api/test_domains.py::test_artifact_upload
Thu, 12 Oct 2023 03:08:44 GMT [gw6] [ 14%] PASSED usr/local/lib/python3.8/site-packages/pulp_file/tests/functional/api/test_domains.py::test_content_upload
Thu, 12 Oct 2023 03:08:45 GMT usr/local/lib/python3.8/site-packages/pulp_file/tests/functional/api/test_acs.py::test_acs_sync
Thu, 12 Oct 2023 03:08:46 GMT [gw3] [ 15%] PASSED usr/local/lib/python3.8/site-packages/pulp_file/tests/functional/api/test_crud_content_unit.py::test_same_sha256_same_relative_path_repo_specified
Thu, 12 Oct 2023 03:08:47 GMT [gw4] [ 16%] PASSED usr/local/lib/python3.8/site-packages/pulp_file/tests/functional/api/test_crud_content_unit.py::test_bad_inputs_to_modify_endpoint
Thu, 12 Oct 2023 03:08:49 GMT usr/local/lib/python3.8/site-packages/pulp_file/tests/functional/api/test_domains.py::test_content_promotion
Thu, 12 Oct 2023 03:08:50 GMT usr/local/lib/python3.8/site-packages/pulp_file/tests/functional/api/test_auto_publish.py::test_auto_publish_and_distribution
Thu, 12 Oct 2023 03:08:54 GMT usr/local/lib/python3.8/site-packages/pulp_file/tests/functional/api/test_crud_content_unit.py::test_create_file_content_from_chunked_upload
Thu, 12 Oct 2023 03:08:56 GMT [gw2] [ 17%] PASSED usr/local/lib/python3.8/site-packages/pulp_file/tests/functional/api/test_crud_content_unit.py::test_same_sha256_same_relative_path_no_repo
Thu, 12 Oct 2023 03:08:58 GMT usr/local/lib/python3.8/site-packages/pulp_file/tests/functional/api/test_generic_list.py::test_read_all_repos_generic
Thu, 12 Oct 2023 03:08:59 GMT usr/local/lib/python3.8/site-packages/pulp_file/tests/functional/api/test_crud_content_unit.py::test_same_sha256_diff_relative_path
Thu, 12 Oct 2023 03:09:00 GMT [gw0] [ 18%] PASSED usr/local/lib/python3.8/site-packages/pulp_file/tests/functional/api/test_acs.py::test_acs_sync
Thu, 12 Oct 2023 03:09:04 GMT [gw2] [ 19%] PASSED usr/local/lib/python3.8/site-packages/pulp_file/tests/functional/api/test_generic_list.py::test_read_all_repos_generic
Thu, 12 Oct 2023 03:09:06 GMT usr/local/lib/python3.8/site-packages/pulp_file/tests/functional/api/test_generic_list.py::test_read_all_content_generic
Thu, 12 Oct 2023 03:09:07 GMT [gw5] [ 20%] PASSED usr/local/lib/python3.8/site-packages/pulp_file/tests/functional/api/test_download_policies.py::test_download_policy[immediate]
Thu, 12 Oct 2023 03:09:13 GMT [gw7] [ 21%] PASSED usr/local/lib/python3.8/site-packages/pulp_file/tests/functional/api/test_domains.py::test_artifact_upload
Thu, 12 Oct 2023 03:09:14 GMT [gw3] [ 22%] PASSED usr/local/lib/python3.8/site-packages/pulp_file/tests/functional/api/test_crud_content_unit.py::test_same_sha256_diff_relative_path
Thu, 12 Oct 2023 03:09:14 GMT [gw2] [ 23%] PASSED usr/local/lib/python3.8/site-packages/pulp_file/tests/functional/api/test_generic_list.py::test_read_all_content_generic
Thu, 12 Oct 2023 03:09:15 GMT usr/local/lib/python3.8/site-packages/pulp_file/tests/functional/api/test_acs.py::test_acs_sync_with_paths
Thu, 12 Oct 2023 03:09:15 GMT usr/local/lib/python3.8/site-packages/pulp_file/tests/functional/api/test_generic_list.py::test_read_all_master_model_remotes_generic
Thu, 12 Oct 2023 03:09:15 GMT usr/local/lib/python3.8/site-packages/pulp_file/tests/functional/api/test_crud_content_unit.py::test_second_content_unit_with_same_rel_path_replaces_the_first
Thu, 12 Oct 2023 03:09:18 GMT usr/local/lib/python3.8/site-packages/pulp_file/tests/functional/api/test_generic_list.py::test_read_all_content_guards_generic
Thu, 12 Oct 2023 03:09:19 GMT [gw6] [ 24%] PASSED usr/local/lib/python3.8/site-packages/pulp_file/tests/functional/api/test_domains.py::test_content_promotion
Thu, 12 Oct 2023 03:09:19 GMT [gw2] [ 25%] PASSED usr/local/lib/python3.8/site-packages/pulp_file/tests/functional/api/test_generic_list.py::test_read_all_content_guards_generic
Thu, 12 Oct 2023 03:09:20 GMT usr/local/lib/python3.8/site-packages/pulp_file/tests/functional/api/test_download_policies.py::test_download_policy[on_demand]
Thu, 12 Oct 2023 03:09:21 GMT [gw7] [ 26%] PASSED usr/local/lib/python3.8/site-packages/pulp_file/tests/functional/api/test_generic_list.py::test_read_all_master_model_remotes_generic
Thu, 12 Oct 2023 03:09:26 GMT usr/local/lib/python3.8/site-packages/pulp_file/tests/functional/api/test_labels.py::test_empty_blank_filter
Thu, 12 Oct 2023 03:09:28 GMT [gw2] [ 27%] PASSED usr/local/lib/python3.8/site-packages/pulp_file/tests/functional/api/test_labels.py::test_empty_blank_filter
Thu, 12 Oct 2023 03:09:28 GMT usr/local/lib/python3.8/site-packages/pulp_file/tests/functional/api/test_labels.py::test_create_repo_with_labels
Thu, 12 Oct 2023 03:09:29 GMT usr/local/lib/python3.8/site-packages/pulp_file/tests/functional/api/test_domains.py::test_domain_rbac
Thu, 12 Oct 2023 03:09:29 GMT [gw0] [ 28%] PASSED usr/local/lib/python3.8/site-packages/pulp_file/tests/functional/api/test_acs.py::test_acs_sync_with_paths
Thu, 12 Oct 2023 03:09:29 GMT [gw4] [ 29%] PASSED usr/local/lib/python3.8/site-packages/pulp_file/tests/functional/api/test_crud_content_unit.py::test_create_file_content_from_chunked_upload
Thu, 12 Oct 2023 03:09:30 GMT [gw7] [ 30%] PASSED usr/local/lib/python3.8/site-packages/pulp_file/tests/functional/api/test_labels.py::test_create_repo_with_labels
Thu, 12 Oct 2023 03:09:33 GMT usr/local/lib/python3.8/site-packages/pulp_file/tests/functional/api/test_labels.py::test_invalid_label_select
Thu, 12 Oct 2023 03:09:35 GMT usr/local/lib/python3.8/site-packages/pulp_file/tests/functional/api/test_labels.py::test_set_unset_all_labels
Thu, 12 Oct 2023 03:09:36 GMT usr/local/lib/python3.8/site-packages/pulp_file/tests/functional/api/test_labels.py::test_add_remove_label_keys
Thu, 12 Oct 2023 03:09:36 GMT [gw2] [ 31%] PASSED usr/local/lib/python3.8/site-packages/pulp_file/tests/functional/api/test_labels.py::test_invalid_label_select
Thu, 12 Oct 2023 03:09:39 GMT usr/local/lib/python3.8/site-packages/pulp_file/tests/functional/api/test_rbac.py::test_role_management
Thu, 12 Oct 2023 03:09:44 GMT [gw1] [ 32%] PASSED usr/local/lib/python3.8/site-packages/pulp_file/tests/functional/api/test_auto_publish.py::test_auto_publish_and_distribution
Thu, 12 Oct 2023 03:09:44 GMT usr/local/lib/python3.8/site-packages/pulp_file/tests/functional/api/test_labels.py::test_model_partial_update
Thu, 12 Oct 2023 03:09:46 GMT [gw3] [ 33%] PASSED usr/local/lib/python3.8/site-packages/pulp_file/tests/functional/api/test_crud_content_unit.py::test_second_content_unit_with_same_rel_path_replaces_the_first
Thu, 12 Oct 2023 03:09:49 GMT [gw7] [ 34%] PASSED usr/local/lib/python3.8/site-packages/pulp_file/tests/functional/api/test_labels.py::test_set_unset_all_labels
Thu, 12 Oct 2023 03:09:49 GMT [gw4] [ 35%] PASSED usr/local/lib/python3.8/site-packages/pulp_file/tests/functional/api/test_labels.py::test_add_remove_label_keys
Thu, 12 Oct 2023 03:09:51 GMT usr/local/lib/python3.8/site-packages/pulp_file/tests/functional/api/test_rbac.py::test_repository_version_repair
Thu, 12 Oct 2023 03:09:51 GMT [gw0] [ 36%] PASSED usr/local/lib/python3.8/site-packages/pulp_file/tests/functional/api/test_labels.py::test_model_partial_update
Thu, 12 Oct 2023 03:09:52 GMT usr/local/lib/python3.8/site-packages/pulp_file/tests/functional/api/test_bad_sync.py::test_bad_response_retry
Thu, 12 Oct 2023 03:09:52 GMT usr/local/lib/python3.8/site-packages/pulp_file/tests/functional/api/test_labels.py::test_invalid_labels
Thu, 12 Oct 2023 03:09:55 GMT [gw6] [ 37%] PASSED usr/local/lib/python3.8/site-packages/pulp_file/tests/functional/api/test_domains.py::test_domain_rbac
Thu, 12 Oct 2023 03:09:57 GMT usr/local/lib/python3.8/site-packages/pulp_file/tests/functional/api/test_labels.py::test_invalid_label_type
Thu, 12 Oct 2023 03:09:57 GMT [gw3] [ 38%] PASSED usr/local/lib/python3.8/site-packages/pulp_file/tests/functional/api/test_labels.py::test_invalid_labels
Thu, 12 Oct 2023 03:09:58 GMT usr/local/lib/python3.8/site-packages/pulp_file/tests/functional/api/test_labels.py::test_label_select
Thu, 12 Oct 2023 03:09:58 GMT [gw0] [ 39%] PASSED usr/local/lib/python3.8/site-packages/pulp_file/tests/functional/api/test_labels.py::test_invalid_label_type
Thu, 12 Oct 2023 03:09:58 GMT usr/local/lib/python3.8/site-packages/pulp_file/tests/functional/api/test_remote_settings.py::test_http_sync_ssl_tls_validation_off
Thu, 12 Oct 2023 03:10:05 GMT usr/local/lib/python3.8/site-packages/pulp_file/tests/functional/api/test_labels.py::test_update_existing_label_value
Thu, 12 Oct 2023 03:10:06 GMT [gw1] [ 40%] PASSED usr/local/lib/python3.8/site-packages/pulp_file/tests/functional/api/test_bad_sync.py::test_bad_response_retry
Thu, 12 Oct 2023 03:10:07 GMT [gw4] [ 41%] PASSED usr/local/lib/python3.8/site-packages/pulp_file/tests/functional/api/test_labels.py::test_update_existing_label_value
Thu, 12 Oct 2023 03:10:10 GMT [gw0] [ 42%] PASSED usr/local/lib/python3.8/site-packages/pulp_file/tests/functional/api/test_remote_settings.py::test_http_sync_ssl_tls_validation_off
Thu, 12 Oct 2023 03:10:10 GMT [gw2] [ 43%] PASSED usr/local/lib/python3.8/site-packages/pulp_file/tests/functional/api/test_rbac.py::test_role_management
Thu, 12 Oct 2023 03:10:12 GMT usr/local/lib/python3.8/site-packages/pulp_file/tests/functional/api/test_remote_settings.py::test_http_sync_ssl_with_client_cert_req
Thu, 12 Oct 2023 03:10:13 GMT usr/local/lib/python3.8/site-packages/pulp_file/tests/functional/api/test_mime_types.py::test_content_types
Thu, 12 Oct 2023 03:10:13 GMT [gw7] [ 44%] PASSED usr/local/lib/python3.8/site-packages/pulp_file/tests/functional/api/test_rbac.py::test_repository_version_repair
Thu, 12 Oct 2023 03:10:15 GMT usr/local/lib/python3.8/site-packages/pulp_file/tests/functional/api/test_rbac.py::test_object_creation
Thu, 12 Oct 2023 03:10:16 GMT usr/local/lib/python3.8/site-packages/pulp_file/tests/functional/api/test_remote_settings.py::test_http_sync_ssl_tls_validation_defaults_to_on
Thu, 12 Oct 2023 03:10:19 GMT [gw3] [ 45%] PASSED usr/local/lib/python3.8/site-packages/pulp_file/tests/functional/api/test_labels.py::test_label_select
Thu, 12 Oct 2023 03:10:19 GMT usr/local/lib/python3.8/site-packages/pulp_file/tests/functional/api/test_rbac.py::test_repository_apis
Thu, 12 Oct 2023 03:10:22 GMT [gw4] [ 46%] PASSED usr/local/lib/python3.8/site-packages/pulp_file/tests/functional/api/test_remote_settings.py::test_http_sync_ssl_with_client_cert_req
Thu, 12 Oct 2023 03:10:24 GMT usr/local/lib/python3.8/site-packages/pulp_file/tests/functional/api/test_rbac.py::test_acs_apis
Thu, 12 Oct 2023 03:10:25 GMT [gw0] [ 47%] PASSED usr/local/lib/python3.8/site-packages/pulp_file/tests/functional/api/test_remote_settings.py::test_http_sync_ssl_tls_validation_defaults_to_on
Thu, 12 Oct 2023 03:10:27 GMT [gw5] [ 48%] PASSED usr/local/lib/python3.8/site-packages/pulp_file/tests/functional/api/test_download_policies.py::test_download_policy[on_demand]
Thu, 12 Oct 2023 03:10:27 GMT usr/local/lib/python3.8/site-packages/pulp_file/tests/functional/api/test_remote_settings.py::test_ondemand_to_immediate_sync
Thu, 12 Oct 2023 03:10:31 GMT usr/local/lib/python3.8/site-packages/pulp_file/tests/functional/api/test_remote_settings.py::test_http_sync_ssl_tls_validation_on
Thu, 12 Oct 2023 03:10:36 GMT usr/local/lib/python3.8/site-packages/pulp_file/tests/functional/api/test_remote_settings.py::test_header_for_sync
Thu, 12 Oct 2023 03:10:39 GMT [gw3] [ 49%] PASSED usr/local/lib/python3.8/site-packages/pulp_file/tests/functional/api/test_remote_settings.py::test_http_sync_ssl_tls_validation_on
Thu, 12 Oct 2023 03:10:41 GMT usr/local/lib/python3.8/site-packages/pulp_file/tests/functional/api/test_download_policies.py::test_download_policy[streamed]
Thu, 12 Oct 2023 03:10:44 GMT [gw0] [ 50%] PASSED usr/local/lib/python3.8/site-packages/pulp_file/tests/functional/api/test_remote_settings.py::test_header_for_sync
Thu, 12 Oct 2023 03:10:44 GMT [gw4] [ 51%] PASSED usr/local/lib/python3.8/site-packages/pulp_file/tests/functional/api/test_remote_settings.py::test_ondemand_to_immediate_sync
Thu, 12 Oct 2023 03:10:49 GMT usr/local/lib/python3.8/site-packages/pulp_file/tests/functional/api/test_sync.py::test_duplicate_file_sync
Thu, 12 Oct 2023 03:10:49 GMT usr/local/lib/python3.8/site-packages/pulp_file/tests/functional/api/test_sync.py::test_filepath_includes_commas
Thu, 12 Oct 2023 03:10:52 GMT [gw7] [ 52%] PASSED usr/local/lib/python3.8/site-packages/pulp_file/tests/functional/api/test_rbac.py::test_acs_apis
Thu, 12 Oct 2023 03:10:55 GMT [gw2] [ 53%] PASSED usr/local/lib/python3.8/site-packages/pulp_file/tests/functional/api/test_rbac.py::test_repository_apis
Thu, 12 Oct 2023 03:10:55 GMT [gw1] [ 54%] PASSED usr/local/lib/python3.8/site-packages/pulp_file/tests/functional/api/test_rbac.py::test_object_creation
Thu, 12 Oct 2023 03:10:58 GMT usr/local/lib/python3.8/site-packages/pulp_file/tests/functional/api/test_sync.py::test_invalid_file
Thu, 12 Oct 2023 03:11:00 GMT usr/local/lib/python3.8/site-packages/pulp_file/tests/functional/api/test_sync.py::test_invalid_url
Thu, 12 Oct 2023 03:11:04 GMT [gw0] [ 55%] PASSED usr/local/lib/python3.8/site-packages/pulp_file/tests/functional/api/test_sync.py::test_filepath_includes_commas
Thu, 12 Oct 2023 03:11:04 GMT [gw3] [ 56%] PASSED usr/local/lib/python3.8/site-packages/pulp_file/tests/functional/api/test_sync.py::test_duplicate_file_sync
Thu, 12 Oct 2023 03:11:07 GMT usr/local/lib/python3.8/site-packages/pulp_file/tests/functional/api/test_sync.py::test_mirrored_sync
Thu, 12 Oct 2023 03:11:07 GMT [gw4] [ 57%] PASSED usr/local/lib/python3.8/site-packages/pulp_file/tests/functional/api/test_sync.py::test_invalid_file
Thu, 12 Oct 2023 03:11:07 GMT usr/local/lib/python3.8/site-packages/pulp_file/tests/functional/api/from_pulpcore/test_content_delivery.py::test_remote_artifact_url_update
Thu, 12 Oct 2023 03:11:08 GMT usr/local/lib/python3.8/site-packages/pulp_file/tests/functional/api/test_remote_settings.py::test_http_sync_no_ssl
Thu, 12 Oct 2023 03:11:12 GMT [gw7] [ 58%] PASSED usr/local/lib/python3.8/site-packages/pulp_file/tests/functional/api/test_sync.py::test_invalid_url
Thu, 12 Oct 2023 03:11:15 GMT [gw2] [ 59%] PASSED usr/local/lib/python3.8/site-packages/pulp_file/tests/functional/api/test_sync.py::test_mirrored_sync
Thu, 12 Oct 2023 03:11:17 GMT usr/local/lib/python3.8/site-packages/pulp_file/tests/functional/api/from_pulpcore/test_content_guard.py::test_rbac_content_guard_full_workflow
Thu, 12 Oct 2023 03:11:17 GMT usr/local/lib/python3.8/site-packages/pulp_file/tests/functional/api/from_pulpcore/test_content_delivery.py::test_delete_remote_on_demand
Thu, 12 Oct 2023 03:11:18 GMT usr/local/lib/python3.8/site-packages/pulp_file/tests/functional/api/from_pulpcore/test_content_path.py::test_content_directory_listing
Thu, 12 Oct 2023 03:11:20 GMT [gw1] [ 60%] PASSED usr/local/lib/python3.8/site-packages/pulp_file/tests/functional/api/test_remote_settings.py::test_http_sync_no_ssl
Thu, 12 Oct 2023 03:11:25 GMT usr/local/lib/python3.8/site-packages/pulp_file/tests/functional/api/from_pulpcore/test_content_promotion.py::test_content_promotion
Thu, 12 Oct 2023 03:11:30 GMT usr/local/lib/python3.8/site-packages/pulp_file/tests/functional/api/from_pulpcore/test_crud_repos.py::test_crud_remotes_full_workflow
Thu, 12 Oct 2023 03:11:43 GMT [gw0] [ 61%] PASSED usr/local/lib/python3.8/site-packages/pulp_file/tests/functional/api/from_pulpcore/test_content_delivery.py::test_remote_artifact_url_update
Thu, 12 Oct 2023 03:11:45 GMT [gw3] [ 62%] PASSED usr/local/lib/python3.8/site-packages/pulp_file/tests/functional/api/from_pulpcore/test_content_delivery.py::test_delete_remote_on_demand
Thu, 12 Oct 2023 03:11:46 GMT [gw7] [ 63%] PASSED usr/local/lib/python3.8/site-packages/pulp_file/tests/functional/api/from_pulpcore/test_content_path.py::test_content_directory_listing
Thu, 12 Oct 2023 03:11:47 GMT usr/local/lib/python3.8/site-packages/pulp_file/tests/functional/api/from_pulpcore/test_crud_repos.py::test_crud_repo_full_workflow
Thu, 12 Oct 2023 03:11:49 GMT [gw5] [ 64%] PASSED usr/local/lib/python3.8/site-packages/pulp_file/tests/functional/api/test_download_policies.py::test_download_policy[streamed]
Thu, 12 Oct 2023 03:11:53 GMT [gw6] [ 65%] PASSED usr/local/lib/python3.8/site-packages/pulp_file/tests/functional/api/test_mime_types.py::test_content_types
Thu, 12 Oct 2023 03:11:57 GMT [gw2] [ 66%] PASSED usr/local/lib/python3.8/site-packages/pulp_file/tests/functional/api/from_pulpcore/test_content_promotion.py::test_content_promotion
Thu, 12 Oct 2023 03:11:59 GMT usr/local/lib/python3.8/site-packages/pulp_file/tests/functional/api/from_pulpcore/test_crud_repos.py::test_file_remote_url_validation
Thu, 12 Oct 2023 03:12:02 GMT usr/local/lib/python3.8/site-packages/pulp_file/tests/functional/api/test_publish.py::test_crd_publications
Thu, 12 Oct 2023 03:12:04 GMT usr/local/lib/python3.8/site-packages/pulp_file/tests/functional/api/from_pulpcore/test_content_cache.py::test_full_workflow
Thu, 12 Oct 2023 03:12:05 GMT usr/local/lib/python3.8/site-packages/pulp_file/tests/functional/api/from_pulpcore/test_crud_repos.py::test_repository_remote_filter
Thu, 12 Oct 2023 03:12:06 GMT [gw5] [ 67%] SKIPPED usr/local/lib/python3.8/site-packages/pulp_file/tests/functional/api/from_pulpcore/test_content_cache.py::test_full_workflow
Thu, 12 Oct 2023 03:12:10 GMT [gw3] [ 68%] PASSED usr/local/lib/python3.8/site-packages/pulp_file/tests/functional/api/from_pulpcore/test_crud_repos.py::test_file_remote_url_validation
Thu, 12 Oct 2023 03:12:10 GMT [gw4] [ 69%] PASSED usr/local/lib/python3.8/site-packages/pulp_file/tests/functional/api/from_pulpcore/test_content_guard.py::test_rbac_content_guard_full_workflow
Thu, 12 Oct 2023 03:12:12 GMT usr/local/lib/python3.8/site-packages/pulp_file/tests/functional/api/from_pulpcore/test_pagination.py::test_repo_version_pagination
Thu, 12 Oct 2023 03:12:19 GMT usr/local/lib/python3.8/site-packages/pulp_file/tests/functional/api/from_pulpcore/test_distributions.py::test_crud_publication_distribution
Thu, 12 Oct 2023 03:12:20 GMT [gw1] [ 70%] PASSED usr/local/lib/python3.8/site-packages/pulp_file/tests/functional/api/from_pulpcore/test_crud_repos.py::test_crud_remotes_full_workflow
Thu, 12 Oct 2023 03:12:22 GMT usr/local/lib/python3.8/site-packages/pulp_file/tests/functional/api/from_pulpcore/test_crud_repos.py::test_remote_pulp_labels
Thu, 12 Oct 2023 03:12:25 GMT [gw4] [ 71%] PASSED usr/local/lib/python3.8/site-packages/pulp_file/tests/functional/api/from_pulpcore/test_crud_repos.py::test_remote_pulp_labels
Thu, 12 Oct 2023 03:12:25 GMT usr/local/lib/python3.8/site-packages/pulp_file/tests/functional/api/from_pulpcore/test_reclaim_disk_space.py::test_reclaim_immediate_content
Thu, 12 Oct 2023 03:12:27 GMT [gw7] [ 72%] PASSED usr/local/lib/python3.8/site-packages/pulp_file/tests/functional/api/from_pulpcore/test_crud_repos.py::test_repository_remote_filter
Thu, 12 Oct 2023 03:12:42 GMT usr/local/lib/python3.8/site-packages/pulp_file/tests/functional/api/from_pulpcore/test_distributions.py::test_distribution_base_path
Thu, 12 Oct 2023 03:12:45 GMT [gw0] [ 73%] PASSED usr/local/lib/python3.8/site-packages/pulp_file/tests/functional/api/from_pulpcore/test_crud_repos.py::test_crud_repo_full_workflow
Thu, 12 Oct 2023 03:12:47 GMT [gw1] [ 74%] PASSED usr/local/lib/python3.8/site-packages/pulp_file/tests/functional/api/from_pulpcore/test_distributions.py::test_distribution_base_path
Thu, 12 Oct 2023 03:12:47 GMT usr/local/lib/python3.8/site-packages/pulp_file/tests/functional/api/from_pulpcore/test_distributions.py::test_distribution_filtering
Thu, 12 Oct 2023 03:12:48 GMT [gw4] [ 75%] PASSED usr/local/lib/python3.8/site-packages/pulp_file/tests/functional/api/from_pulpcore/test_reclaim_disk_space.py::test_reclaim_immediate_content
Thu, 12 Oct 2023 03:12:48 GMT usr/local/lib/python3.8/site-packages/pulp_file/tests/functional/api/from_pulpcore/test_proxy.py::test_sync_https_through_http_proxy_with_auth
Thu, 12 Oct 2023 03:12:54 GMT usr/local/lib/python3.8/site-packages/pulp_file/tests/functional/api/from_pulpcore/test_reclaim_disk_space.py::test_immediate_reclaim_becomes_on_demand
Thu, 12 Oct 2023 03:12:56 GMT usr/local/lib/python3.8/site-packages/pulp_file/tests/functional/api/from_pulpcore/test_reclaim_disk_space.py::test_reclaim_on_demand_content
Thu, 12 Oct 2023 03:12:57 GMT [gw7] [ 76%] PASSED usr/local/lib/python3.8/site-packages/pulp_file/tests/functional/api/from_pulpcore/test_proxy.py::test_sync_https_through_http_proxy_with_auth
Thu, 12 Oct 2023 03:13:03 GMT [gw6] [ 77%] PASSED usr/local/lib/python3.8/site-packages/pulp_file/tests/functional/api/test_publish.py::test_crd_publications
Thu, 12 Oct 2023 03:13:05 GMT usr/local/lib/python3.8/site-packages/pulp_file/tests/functional/api/from_pulpcore/test_repo_versions.py::test_add_remove_repo_version
Thu, 12 Oct 2023 03:13:08 GMT [gw2] [ 78%] PASSED usr/local/lib/python3.8/site-packages/pulp_file/tests/functional/api/from_pulpcore/test_distributions.py::test_crud_publication_distribution
Thu, 12 Oct 2023 03:13:10 GMT [gw1] [ 79%] PASSED usr/local/lib/python3.8/site-packages/pulp_file/tests/functional/api/from_pulpcore/test_reclaim_disk_space.py::test_immediate_reclaim_becomes_on_demand
Thu, 12 Oct 2023 03:13:14 GMT usr/local/lib/python3.8/site-packages/pulp_file/tests/functional/api/from_pulpcore/test_proxy.py::test_sync_http_through_http_proxy
Thu, 12 Oct 2023 03:13:15 GMT [gw4] [ 80%] PASSED usr/local/lib/python3.8/site-packages/pulp_file/tests/functional/api/from_pulpcore/test_reclaim_disk_space.py::test_reclaim_on_demand_content
Thu, 12 Oct 2023 03:13:18 GMT usr/local/lib/python3.8/site-packages/pulp_file/tests/functional/api/from_pulpcore/test_proxy.py::test_sync_http_through_https_proxy
Thu, 12 Oct 2023 03:13:18 GMT usr/local/lib/python3.8/site-packages/pulp_file/tests/functional/api/from_pulpcore/test_repo_versions.py::test_squash_repo_version
Thu, 12 Oct 2023 03:13:23 GMT [gw6] [ 81%] PASSED usr/local/lib/python3.8/site-packages/pulp_file/tests/functional/api/from_pulpcore/test_proxy.py::test_sync_http_through_http_proxy
Thu, 12 Oct 2023 03:13:24 GMT [gw2] [ 82%] PASSED usr/local/lib/python3.8/site-packages/pulp_file/tests/functional/api/from_pulpcore/test_proxy.py::test_sync_http_through_https_proxy
Thu, 12 Oct 2023 03:13:26 GMT usr/local/lib/python3.8/site-packages/pulp_file/tests/functional/api/from_pulpcore/test_repo_versions.py::test_content_immutable_repo_version
Thu, 12 Oct 2023 03:13:31 GMT usr/local/lib/python3.8/site-packages/pulp_file/tests/functional/api/from_pulpcore/test_repo_versions.py::test_create_repo_base_version
Thu, 12 Oct 2023 03:13:37 GMT usr/local/lib/python3.8/site-packages/pulp_file/tests/functional/api/from_pulpcore/test_repo_versions.py::test_filter_artifacts
Thu, 12 Oct 2023 03:13:43 GMT [gw4] [ 83%] PASSED usr/local/lib/python3.8/site-packages/pulp_file/tests/functional/api/from_pulpcore/test_repo_versions.py::test_content_immutable_repo_version
Thu, 12 Oct 2023 03:13:55 GMT usr/local/lib/python3.8/site-packages/pulp_file/tests/functional/api/from_pulpcore/test_repo_versions.py::test_clear_all_units_repo_version
Thu, 12 Oct 2023 03:14:09 GMT [gw2] [ 84%] PASSED usr/local/lib/python3.8/site-packages/pulp_file/tests/functional/api/from_pulpcore/test_repo_versions.py::test_filter_artifacts
Thu, 12 Oct 2023 03:14:10 GMT [gw0] [ 85%] PASSED usr/local/lib/python3.8/site-packages/pulp_file/tests/functional/api/from_pulpcore/test_distributions.py::test_distribution_filtering
Thu, 12 Oct 2023 03:14:20 GMT usr/local/lib/python3.8/site-packages/pulp_file/tests/functional/api/from_pulpcore/test_repo_versions.py::test_content_in_repository_version_view
Thu, 12 Oct 2023 03:14:34 GMT [gw6] [ 86%] PASSED usr/local/lib/python3.8/site-packages/pulp_file/tests/functional/api/from_pulpcore/test_repo_versions.py::test_create_repo_base_version
Thu, 12 Oct 2023 03:14:35 GMT [gw2] [ 87%] PASSED usr/local/lib/python3.8/site-packages/pulp_file/tests/functional/api/from_pulpcore/test_repo_versions.py::test_content_in_repository_version_view
Thu, 12 Oct 2023 03:14:42 GMT usr/local/lib/python3.8/site-packages/pulp_file/tests/functional/api/from_pulpcore/test_repo_versions.py::test_repo_version_retention
Thu, 12 Oct 2023 03:14:42 GMT usr/local/lib/python3.8/site-packages/pulp_file/tests/functional/api/from_pulpcore/test_unlinking_repo.py::test_shared_remote_usage
Thu, 12 Oct 2023 03:14:44 GMT [gw2] [ 88%] SKIPPED usr/local/lib/python3.8/site-packages/pulp_file/tests/functional/api/from_pulpcore/test_unlinking_repo.py::test_shared_remote_usage
Thu, 12 Oct 2023 03:14:45 GMT [gw1] [ 89%] PASSED usr/local/lib/python3.8/site-packages/pulp_file/tests/functional/api/from_pulpcore/test_repo_versions.py::test_squash_repo_version
Thu, 12 Oct 2023 03:14:50 GMT usr/local/lib/python3.8/site-packages/pulp_file/tests/functional/api/from_pulpcore/test_repo_versions.py::test_add_remove_content
Thu, 12 Oct 2023 03:14:52 GMT usr/local/lib/python3.8/site-packages/pulp_file/tests/functional/api/from_pulpcore/test_repo_versions.py::test_delete_repo_version_resources
Thu, 12 Oct 2023 03:14:57 GMT [gw7] [ 90%] PASSED usr/local/lib/python3.8/site-packages/pulp_file/tests/functional/api/from_pulpcore/test_repo_versions.py::test_add_remove_repo_version
Thu, 12 Oct 2023 03:14:58 GMT [gw3] [ 91%] PASSED usr/local/lib/python3.8/site-packages/pulp_file/tests/functional/api/from_pulpcore/test_pagination.py::test_repo_version_pagination
Thu, 12 Oct 2023 03:15:02 GMT usr/local/lib/python3.8/site-packages/pulp_file/tests/functional/api/from_pulpcore/test_repo_versions.py::test_filter_repo_version
Thu, 12 Oct 2023 03:15:06 GMT usr/local/lib/python3.8/site-packages/pulp_file/tests/functional/api/from_pulpcore/test_proxy.py::test_sync_https_through_http_proxy_with_auth_but_auth_not_configured
Thu, 12 Oct 2023 03:15:07 GMT [gw4] [ 92%] PASSED usr/local/lib/python3.8/site-packages/pulp_file/tests/functional/api/from_pulpcore/test_repo_versions.py::test_clear_all_units_repo_version
Thu, 12 Oct 2023 03:15:10 GMT [gw3] [ 93%] PASSED usr/local/lib/python3.8/site-packages/pulp_file/tests/functional/api/from_pulpcore/test_proxy.py::test_sync_https_through_http_proxy_with_auth_but_auth_not_configured
Thu, 12 Oct 2023 03:15:12 GMT [gw1] [ 94%] PASSED usr/local/lib/python3.8/site-packages/pulp_file/tests/functional/api/from_pulpcore/test_repo_versions.py::test_delete_repo_version_resources
Thu, 12 Oct 2023 03:15:17 GMT [gw0] [ 95%] PASSED usr/local/lib/python3.8/site-packages/pulp_file/tests/functional/api/from_pulpcore/test_repo_versions.py::test_add_remove_content
Thu, 12 Oct 2023 03:15:22 GMT usr/local/lib/python3.8/site-packages/pulp_file/tests/functional/api/from_pulpcore/test_tasks.py::test_retrieve_task_with_fields_created_resources_only
Thu, 12 Oct 2023 03:15:28 GMT [gw4] [ 96%] PASSED usr/local/lib/python3.8/site-packages/pulp_file/tests/functional/api/from_pulpcore/test_tasks.py::test_retrieve_task_with_fields_created_resources_only
Thu, 12 Oct 2023 03:15:42 GMT [gw6] [ 97%] PASSED usr/local/lib/python3.8/site-packages/pulp_file/tests/functional/api/from_pulpcore/test_repo_versions.py::test_repo_version_retention
Thu, 12 Oct 2023 09:02:52 GMT Error: The operation was canceled.

