Tue, 24 Oct 2023 03:13:27 GMT usr/local/lib/python3.8/site-packages/pulp_file/tests/functional/api/test_crud_content_unit.py::test_cannot_create_repo_version_with_two_relative_paths_the_same
Tue, 24 Oct 2023 03:13:27 GMT usr/local/lib/python3.8/site-packages/pulp_file/tests/functional/api/test_acs.py::test_acs_validation_and_update
Tue, 24 Oct 2023 03:13:27 GMT usr/local/lib/python3.8/site-packages/pulp_file/tests/functional/api/test_acs.py::test_serving_acs_content
Tue, 24 Oct 2023 03:13:27 GMT usr/local/lib/python3.8/site-packages/pulp_file/tests/functional/api/test_bad_sync.py::test_bad_response_retry_multiple_files
Tue, 24 Oct 2023 03:13:27 GMT usr/local/lib/python3.8/site-packages/pulp_file/tests/functional/api/test_crud_remotes.py::test_remote_crud_workflow
Tue, 24 Oct 2023 03:13:27 GMT usr/local/lib/python3.8/site-packages/pulp_file/tests/functional/api/test_crud_content_unit.py::test_same_sha256_same_relative_path_repo_specified
Tue, 24 Oct 2023 03:13:27 GMT usr/local/lib/python3.8/site-packages/pulp_file/tests/functional/api/test_crud_remotes.py::test_can_update_remote_policy
Tue, 24 Oct 2023 03:13:29 GMT usr/local/lib/python3.8/site-packages/pulp_file/tests/functional/api/test_crud_remotes.py::test_default_remote_policy_immediate
Tue, 24 Oct 2023 03:13:33 GMT [gw7] [  1%] PASSED usr/local/lib/python3.8/site-packages/pulp_file/tests/functional/api/test_crud_remotes.py::test_default_remote_policy_immediate
Tue, 24 Oct 2023 03:13:34 GMT usr/local/lib/python3.8/site-packages/pulp_file/tests/functional/api/test_crud_remotes.py::test_specify_remote_policy_streamed
Tue, 24 Oct 2023 03:13:35 GMT [gw6] [  2%] PASSED usr/local/lib/python3.8/site-packages/pulp_file/tests/functional/api/test_crud_remotes.py::test_can_update_remote_policy
Tue, 24 Oct 2023 03:13:38 GMT [gw7] [  3%] PASSED usr/local/lib/python3.8/site-packages/pulp_file/tests/functional/api/test_crud_remotes.py::test_specify_remote_policy_streamed
Tue, 24 Oct 2023 03:13:39 GMT usr/local/lib/python3.8/site-packages/pulp_file/tests/functional/api/test_domains.py::test_object_creation
Tue, 24 Oct 2023 03:13:39 GMT [gw2] [  4%] PASSED usr/local/lib/python3.8/site-packages/pulp_file/tests/functional/api/test_bad_sync.py::test_bad_response_retry_multiple_files
Tue, 24 Oct 2023 03:13:41 GMT usr/local/lib/python3.8/site-packages/pulp_file/tests/functional/api/test_crud_remotes.py::test_specify_remote_policy_on_demand
Tue, 24 Oct 2023 03:13:42 GMT [gw7] [  5%] PASSED usr/local/lib/python3.8/site-packages/pulp_file/tests/functional/api/test_crud_remotes.py::test_specify_remote_policy_on_demand
Tue, 24 Oct 2023 03:13:45 GMT [gw5] [  6%] PASSED usr/local/lib/python3.8/site-packages/pulp_file/tests/functional/api/test_crud_remotes.py::test_remote_crud_workflow
Tue, 24 Oct 2023 03:13:47 GMT usr/local/lib/python3.8/site-packages/pulp_file/tests/functional/api/test_domains.py::test_content_upload
Tue, 24 Oct 2023 03:13:47 GMT usr/local/lib/python3.8/site-packages/pulp_file/tests/functional/api/test_crud_remotes.py::test_create_file_remote_with_invalid_parameter
Tue, 24 Oct 2023 03:13:49 GMT usr/local/lib/python3.8/site-packages/pulp_file/tests/functional/api/test_crud_content_unit.py::test_crud_content_unit
Tue, 24 Oct 2023 03:13:49 GMT [gw5] [  7%] PASSED usr/local/lib/python3.8/site-packages/pulp_file/tests/functional/api/test_crud_remotes.py::test_create_file_remote_with_invalid_parameter
Tue, 24 Oct 2023 03:13:51 GMT usr/local/lib/python3.8/site-packages/pulp_file/tests/functional/api/test_crud_remotes.py::test_create_file_remote_without_url
Tue, 24 Oct 2023 03:13:51 GMT [gw5] [  8%] PASSED usr/local/lib/python3.8/site-packages/pulp_file/tests/functional/api/test_crud_remotes.py::test_create_file_remote_without_url
Tue, 24 Oct 2023 03:13:52 GMT usr/local/lib/python3.8/site-packages/pulp_file/tests/functional/api/test_download_policies.py::test_download_policy[immediate]
Tue, 24 Oct 2023 03:13:52 GMT [gw1] [  9%] PASSED usr/local/lib/python3.8/site-packages/pulp_file/tests/functional/api/test_acs.py::test_serving_acs_content
Tue, 24 Oct 2023 03:13:53 GMT [gw4] [ 10%] PASSED usr/local/lib/python3.8/site-packages/pulp_file/tests/functional/api/test_crud_content_unit.py::test_cannot_create_repo_version_with_two_relative_paths_the_same
Tue, 24 Oct 2023 03:13:53 GMT [gw6] [ 11%] PASSED usr/local/lib/python3.8/site-packages/pulp_file/tests/functional/api/test_domains.py::test_object_creation
Tue, 24 Oct 2023 03:13:59 GMT [gw0] [ 12%] PASSED usr/local/lib/python3.8/site-packages/pulp_file/tests/functional/api/test_acs.py::test_acs_validation_and_update
Tue, 24 Oct 2023 03:14:00 GMT [gw2] [ 13%] PASSED usr/local/lib/python3.8/site-packages/pulp_file/tests/functional/api/test_crud_content_unit.py::test_crud_content_unit
Tue, 24 Oct 2023 03:14:02 GMT usr/local/lib/python3.8/site-packages/pulp_file/tests/functional/api/test_crud_content_unit.py::test_bad_inputs_to_modify_endpoint
Tue, 24 Oct 2023 03:14:06 GMT usr/local/lib/python3.8/site-packages/pulp_file/tests/functional/api/test_crud_content_unit.py::test_same_sha256_same_relative_path_no_repo
Tue, 24 Oct 2023 03:14:07 GMT usr/local/lib/python3.8/site-packages/pulp_file/tests/functional/api/test_domains.py::test_artifact_upload
Tue, 24 Oct 2023 03:14:08 GMT usr/local/lib/python3.8/site-packages/pulp_file/tests/functional/api/test_acs.py::test_acs_sync
Tue, 24 Oct 2023 03:14:08 GMT [gw3] [ 14%] PASSED usr/local/lib/python3.8/site-packages/pulp_file/tests/functional/api/test_crud_content_unit.py::test_same_sha256_same_relative_path_repo_specified
Tue, 24 Oct 2023 03:14:10 GMT [gw7] [ 15%] PASSED usr/local/lib/python3.8/site-packages/pulp_file/tests/functional/api/test_domains.py::test_content_upload
Tue, 24 Oct 2023 03:14:13 GMT [gw4] [ 16%] PASSED usr/local/lib/python3.8/site-packages/pulp_file/tests/functional/api/test_crud_content_unit.py::test_bad_inputs_to_modify_endpoint
Tue, 24 Oct 2023 03:14:13 GMT usr/local/lib/python3.8/site-packages/pulp_file/tests/functional/api/test_domains.py::test_content_promotion
Tue, 24 Oct 2023 03:14:14 GMT usr/local/lib/python3.8/site-packages/pulp_file/tests/functional/api/test_auto_publish.py::test_auto_publish_and_distribution
Tue, 24 Oct 2023 03:17:51 GMT usr/local/lib/python3.8/site-packages/pulp_file/tests/functional/api/from_pulpcore/test_content_delivery.py::test_delete_remote_on_demand
Tue, 24 Oct 2023 03:17:56 GMT [gw6] [ 67%] PASSED usr/local/lib/python3.8/site-packages/pulp_file/tests/functional/api/from_pulpcore/test_crud_repos.py::test_file_remote_url_validation
Tue, 24 Oct 2023 03:18:02 GMT usr/local/lib/python3.8/site-packages/pulp_file/tests/functional/api/from_pulpcore/test_proxy.py::test_sync_https_through_http_proxy
Tue, 24 Oct 2023 03:18:05 GMT [gw1] [ 68%] PASSED usr/local/lib/python3.8/site-packages/pulp_file/tests/functional/api/from_pulpcore/test_crud_repos.py::test_crud_remotes_full_workflow
Tue, 24 Oct 2023 03:18:06 GMT [gw2] [ 69%] PASSED usr/local/lib/python3.8/site-packages/pulp_file/tests/functional/api/from_pulpcore/test_crud_repos.py::test_crud_repo_full_workflow
Tue, 24 Oct 2023 03:18:07 GMT [gw4] [ 70%] PASSED usr/local/lib/python3.8/site-packages/pulp_file/tests/functional/api/from_pulpcore/test_content_guard.py::test_rbac_content_guard_full_workflow
Tue, 24 Oct 2023 03:18:11 GMT [gw6] [ 71%] PASSED usr/local/lib/python3.8/site-packages/pulp_file/tests/functional/api/from_pulpcore/test_proxy.py::test_sync_https_through_http_proxy
Tue, 24 Oct 2023 03:18:12 GMT usr/local/lib/python3.8/site-packages/pulp_file/tests/functional/api/from_pulpcore/test_crud_repos.py::test_repository_remote_filter
Tue, 24 Oct 2023 03:18:14 GMT usr/local/lib/python3.8/site-packages/pulp_file/tests/functional/api/from_pulpcore/test_distributions.py::test_crud_publication_distribution
Tue, 24 Oct 2023 03:18:17 GMT usr/local/lib/python3.8/site-packages/pulp_file/tests/functional/api/from_pulpcore/test_proxy.py::test_sync_https_through_http_proxy_with_auth_but_auth_not_configured
Tue, 24 Oct 2023 03:18:19 GMT [gw5] [ 72%] PASSED usr/local/lib/python3.8/site-packages/pulp_file/tests/functional/api/from_pulpcore/test_content_delivery.py::test_delete_remote_on_demand
Tue, 24 Oct 2023 03:18:21 GMT usr/local/lib/python3.8/site-packages/pulp_file/tests/functional/api/from_pulpcore/test_distributions.py::test_distribution_base_path
Tue, 24 Oct 2023 03:18:29 GMT [gw6] [ 73%] PASSED usr/local/lib/python3.8/site-packages/pulp_file/tests/functional/api/from_pulpcore/test_proxy.py::test_sync_https_through_http_proxy_with_auth_but_auth_not_configured
Tue, 24 Oct 2023 03:18:29 GMT usr/local/lib/python3.8/site-packages/pulp_file/tests/functional/api/from_pulpcore/test_reclaim_disk_space.py::test_reclaim_on_demand_content
Tue, 24 Oct 2023 03:18:35 GMT usr/local/lib/python3.8/site-packages/pulp_file/tests/functional/api/from_pulpcore/test_proxy.py::test_sync_https_through_http_proxy_with_auth
Tue, 24 Oct 2023 03:18:38 GMT [gw2] [ 74%] PASSED usr/local/lib/python3.8/site-packages/pulp_file/tests/functional/api/from_pulpcore/test_crud_repos.py::test_repository_remote_filter
Tue, 24 Oct 2023 03:18:40 GMT [gw4] [ 75%] PASSED usr/local/lib/python3.8/site-packages/pulp_file/tests/functional/api/from_pulpcore/test_distributions.py::test_distribution_base_path
Tue, 24 Oct 2023 03:18:42 GMT [gw5] [ 76%] PASSED usr/local/lib/python3.8/site-packages/pulp_file/tests/functional/api/from_pulpcore/test_proxy.py::test_sync_https_through_http_proxy_with_auth
Tue, 24 Oct 2023 03:18:45 GMT usr/local/lib/python3.8/site-packages/pulp_file/tests/functional/api/from_pulpcore/test_reclaim_disk_space.py::test_immediate_reclaim_becomes_on_demand
Tue, 24 Oct 2023 03:18:48 GMT [gw7] [ 77%] PASSED usr/local/lib/python3.8/site-packages/pulp_file/tests/functional/api/test_publish.py::test_crd_publications
Tue, 24 Oct 2023 03:18:51 GMT usr/local/lib/python3.8/site-packages/pulp_file/tests/functional/api/from_pulpcore/test_repo_versions.py::test_add_remove_repo_version
Tue, 24 Oct 2023 03:19:00 GMT [gw6] [ 78%] PASSED usr/local/lib/python3.8/site-packages/pulp_file/tests/functional/api/from_pulpcore/test_reclaim_disk_space.py::test_reclaim_on_demand_content
Tue, 24 Oct 2023 03:19:02 GMT usr/local/lib/python3.8/site-packages/pulp_file/tests/functional/api/from_pulpcore/test_proxy.py::test_sync_http_through_http_proxy
Tue, 24 Oct 2023 03:19:02 GMT usr/local/lib/python3.8/site-packages/pulp_file/tests/functional/api/from_pulpcore/test_proxy.py::test_sync_http_through_https_proxy
Tue, 24 Oct 2023 03:19:05 GMT usr/local/lib/python3.8/site-packages/pulp_file/tests/functional/api/from_pulpcore/test_repo_versions.py::test_add_remove_content
Tue, 24 Oct 2023 03:19:08 GMT [gw4] [ 79%] PASSED usr/local/lib/python3.8/site-packages/pulp_file/tests/functional/api/from_pulpcore/test_reclaim_disk_space.py::test_immediate_reclaim_becomes_on_demand
Tue, 24 Oct 2023 03:19:10 GMT [gw0] [ 80%] PASSED usr/local/lib/python3.8/site-packages/pulp_file/tests/functional/api/from_pulpcore/test_distributions.py::test_distribution_filtering
Tue, 24 Oct 2023 03:19:11 GMT [gw7] [ 81%] PASSED usr/local/lib/python3.8/site-packages/pulp_file/tests/functional/api/from_pulpcore/test_proxy.py::test_sync_http_through_http_proxy
Tue, 24 Oct 2023 03:19:13 GMT [gw2] [ 82%] PASSED usr/local/lib/python3.8/site-packages/pulp_file/tests/functional/api/from_pulpcore/test_proxy.py::test_sync_http_through_https_proxy
Tue, 24 Oct 2023 03:19:16 GMT [gw1] [ 83%] PASSED usr/local/lib/python3.8/site-packages/pulp_file/tests/functional/api/from_pulpcore/test_distributions.py::test_crud_publication_distribution
Tue, 24 Oct 2023 03:19:17 GMT usr/local/lib/python3.8/site-packages/pulp_file/tests/functional/api/from_pulpcore/test_repo_versions.py::test_squash_repo_version
Tue, 24 Oct 2023 03:19:19 GMT usr/local/lib/python3.8/site-packages/pulp_file/tests/functional/api/from_pulpcore/test_repo_versions.py::test_filter_repo_version
Tue, 24 Oct 2023 03:19:24 GMT usr/local/lib/python3.8/site-packages/pulp_file/tests/functional/api/from_pulpcore/test_repo_versions.py::test_create_repo_base_version
Tue, 24 Oct 2023 03:19:38 GMT usr/local/lib/python3.8/site-packages/pulp_file/tests/functional/api/from_pulpcore/test_reclaim_disk_space.py::test_reclaim_immediate_content
Tue, 24 Oct 2023 03:19:45 GMT [gw6] [ 84%] PASSED usr/local/lib/python3.8/site-packages/pulp_file/tests/functional/api/from_pulpcore/test_repo_versions.py::test_add_remove_content
Tue, 24 Oct 2023 03:19:50 GMT usr/local/lib/python3.8/site-packages/pulp_file/tests/functional/api/from_pulpcore/test_repo_versions.py::test_filter_artifacts
Tue, 24 Oct 2023 03:19:51 GMT [gw1] [ 85%] PASSED usr/local/lib/python3.8/site-packages/pulp_file/tests/functional/api/from_pulpcore/test_reclaim_disk_space.py::test_reclaim_immediate_content
Tue, 24 Oct 2023 03:19:58 GMT usr/local/lib/python3.8/site-packages/pulp_file/tests/functional/api/from_pulpcore/test_pagination.py::test_repo_version_pagination
Tue, 24 Oct 2023 03:20:13 GMT usr/local/lib/python3.8/site-packages/pulp_file/tests/functional/api/from_pulpcore/test_repo_versions.py::test_content_in_repository_version_view
Tue, 24 Oct 2023 03:20:22 GMT [gw6] [ 86%] PASSED usr/local/lib/python3.8/site-packages/pulp_file/tests/functional/api/from_pulpcore/test_repo_versions.py::test_filter_artifacts
Tue, 24 Oct 2023 03:20:26 GMT [gw2] [ 87%] PASSED usr/local/lib/python3.8/site-packages/pulp_file/tests/functional/api/from_pulpcore/test_repo_versions.py::test_create_repo_base_version
Tue, 24 Oct 2023 03:20:31 GMT [gw1] [ 88%] PASSED usr/local/lib/python3.8/site-packages/pulp_file/tests/functional/api/from_pulpcore/test_repo_versions.py::test_content_in_repository_version_view
Tue, 24 Oct 2023 03:20:38 GMT usr/local/lib/python3.8/site-packages/pulp_file/tests/functional/api/from_pulpcore/test_tasks.py::test_retrieve_task_with_fields_created_resources_only
Tue, 24 Oct 2023 03:20:40 GMT usr/local/lib/python3.8/site-packages/pulp_file/tests/functional/api/from_pulpcore/test_repo_versions.py::test_repo_version_retention
Tue, 24 Oct 2023 03:20:52 GMT [gw6] [ 89%] PASSED usr/local/lib/python3.8/site-packages/pulp_file/tests/functional/api/from_pulpcore/test_tasks.py::test_retrieve_task_with_fields_created_resources_only
Tue, 24 Oct 2023 03:20:52 GMT [gw5] [ 90%] PASSED usr/local/lib/python3.8/site-packages/pulp_file/tests/functional/api/from_pulpcore/test_repo_versions.py::test_add_remove_repo_version
Tue, 24 Oct 2023 03:20:57 GMT [gw4] [ 91%] PASSED usr/local/lib/python3.8/site-packages/pulp_file/tests/functional/api/from_pulpcore/test_repo_versions.py::test_squash_repo_version
Tue, 24 Oct 2023 03:20:57 GMT usr/local/lib/python3.8/site-packages/pulp_file/tests/functional/api/from_pulpcore/test_repo_versions.py::test_content_immutable_repo_version
Tue, 24 Oct 2023 03:21:06 GMT usr/local/lib/python3.8/site-packages/pulp_file/tests/functional/api/from_pulpcore/test_repo_versions.py::test_delete_repo_version_resources
Tue, 24 Oct 2023 03:21:07 GMT [gw7] [ 92%] PASSED usr/local/lib/python3.8/site-packages/pulp_file/tests/functional/api/from_pulpcore/test_repo_versions.py::test_filter_repo_version
Tue, 24 Oct 2023 03:21:11 GMT [gw5] [ 93%] PASSED usr/local/lib/python3.8/site-packages/pulp_file/tests/functional/api/from_pulpcore/test_repo_versions.py::test_content_immutable_repo_version
Tue, 24 Oct 2023 03:21:15 GMT usr/local/lib/python3.8/site-packages/pulp_file/tests/functional/api/from_pulpcore/test_repo_versions.py::test_clear_all_units_repo_version
Tue, 24 Oct 2023 03:21:34 GMT [gw4] [ 94%] PASSED usr/local/lib/python3.8/site-packages/pulp_file/tests/functional/api/from_pulpcore/test_repo_versions.py::test_delete_repo_version_resources
Tue, 24 Oct 2023 03:21:53 GMT [gw2] [ 95%] PASSED usr/local/lib/python3.8/site-packages/pulp_file/tests/functional/api/from_pulpcore/test_repo_versions.py::test_repo_version_retention
Tue, 24 Oct 2023 03:21:54 GMT [gw7] [ 96%] PASSED usr/local/lib/python3.8/site-packages/pulp_file/tests/functional/api/from_pulpcore/test_repo_versions.py::test_clear_all_units_repo_version
Tue, 24 Oct 2023 03:21:56 GMT [gw0] [ 97%] PASSED usr/local/lib/python3.8/site-packages/pulp_file/tests/functional/api/from_pulpcore/test_pagination.py::test_repo_version_pagination
Tue, 24 Oct 2023 03:21:56 GMT usr/local/lib/python3.8/site-packages/pulp_file/tests/functional/api/from_pulpcore/test_unlinking_repo.py::test_shared_remote_usage
Tue, 24 Oct 2023 09:03:01 GMT Error: The operation was canceled.
