usr/local/lib/python3.8/site-packages/pulp_file/tests/functional/api/test_bad_sync.py::test_bad_response_retry_multiple_files
Thu, 12 Oct 2023 10:55:05 GMT usr/local/lib/python3.8/site-packages/pulp_file/tests/functional/api/test_crud_remotes.py::test_remote_crud_workflow
Thu, 12 Oct 2023 10:55:05 GMT usr/local/lib/python3.8/site-packages/pulp_file/tests/functional/api/test_crud_content_unit.py::test_same_sha256_same_relative_path_repo_specified
Thu, 12 Oct 2023 10:55:05 GMT usr/local/lib/python3.8/site-packages/pulp_file/tests/functional/api/test_acs.py::test_acs_validation_and_update
Thu, 12 Oct 2023 10:55:05 GMT usr/local/lib/python3.8/site-packages/pulp_file/tests/functional/api/test_acs.py::test_serving_acs_content
Thu, 12 Oct 2023 10:55:05 GMT usr/local/lib/python3.8/site-packages/pulp_file/tests/functional/api/test_crud_remotes.py::test_can_update_remote_policy
Thu, 12 Oct 2023 10:55:07 GMT usr/local/lib/python3.8/site-packages/pulp_file/tests/functional/api/test_crud_remotes.py::test_default_remote_policy_immediate
Thu, 12 Oct 2023 10:55:10 GMT [gw6] [  1%] PASSED usr/local/lib/python3.8/site-packages/pulp_file/tests/functional/api/test_crud_remotes.py::test_default_remote_policy_immediate
Thu, 12 Oct 2023 10:55:12 GMT usr/local/lib/python3.8/site-packages/pulp_file/tests/functional/api/test_crud_remotes.py::test_specify_remote_policy_streamed
Thu, 12 Oct 2023 10:55:12 GMT [gw6] [  2%] PASSED usr/local/lib/python3.8/site-packages/pulp_file/tests/functional/api/test_crud_remotes.py::test_specify_remote_policy_streamed
Thu, 12 Oct 2023 10:55:16 GMT [gw7] [  3%] PASSED usr/local/lib/python3.8/site-packages/pulp_file/tests/functional/api/test_crud_remotes.py::test_can_update_remote_policy
Thu, 12 Oct 2023 10:55:16 GMT usr/local/lib/python3.8/site-packages/pulp_file/tests/functional/api/test_domains.py::test_object_creation
Thu, 12 Oct 2023 10:55:16 GMT [gw1] [  4%] PASSED usr/local/lib/python3.8/site-packages/pulp_file/tests/functional/api/test_bad_sync.py::test_bad_response_retry_multiple_files
Thu, 12 Oct 2023 10:55:18 GMT usr/local/lib/python3.8/site-packages/pulp_file/tests/functional/api/test_crud_remotes.py::test_specify_remote_policy_on_demand
Thu, 12 Oct 2023 10:55:18 GMT [gw6] [  5%] PASSED usr/local/lib/python3.8/site-packages/pulp_file/tests/functional/api/test_crud_remotes.py::test_specify_remote_policy_on_demand
Thu, 12 Oct 2023 10:55:22 GMT [gw5] [  6%] PASSED usr/local/lib/python3.8/site-packages/pulp_file/tests/functional/api/test_crud_remotes.py::test_remote_crud_workflow
Thu, 12 Oct 2023 10:55:22 GMT usr/local/lib/python3.8/site-packages/pulp_file/tests/functional/api/test_domains.py::test_content_upload
Thu, 12 Oct 2023 10:55:23 GMT usr/local/lib/python3.8/site-packages/pulp_file/tests/functional/api/test_crud_remotes.py::test_create_file_remote_with_invalid_parameter
Thu, 12 Oct 2023 10:55:24 GMT usr/local/lib/python3.8/site-packages/pulp_file/tests/functional/api/test_crud_content_unit.py::test_crud_content_unit
Thu, 12 Oct 2023 10:55:24 GMT [gw5] [  7%] PASSED usr/local/lib/python3.8/site-packages/pulp_file/tests/functional/api/test_crud_remotes.py::test_create_file_remote_with_invalid_parameter
Thu, 12 Oct 2023 10:55:26 GMT usr/local/lib/python3.8/site-packages/pulp_file/tests/functional/api/test_crud_remotes.py::test_create_file_remote_without_url
Thu, 12 Oct 2023 10:55:26 GMT [gw5] [  8%] PASSED usr/local/lib/python3.8/site-packages/pulp_file/tests/functional/api/test_crud_remotes.py::test_create_file_remote_without_url
Thu, 12 Oct 2023 10:55:27 GMT usr/local/lib/python3.8/site-packages/pulp_file/tests/functional/api/test_download_policies.py::test_download_policy[immediate]
Thu, 12 Oct 2023 10:55:28 GMT [gw3] [  9%] PASSED usr/local/lib/python3.8/site-packages/pulp_file/tests/functional/api/test_crud_content_unit.py::test_cannot_create_repo_version_with_two_relative_paths_the_same
Thu, 12 Oct 2023 10:55:28 GMT [gw2] [ 10%] PASSED usr/local/lib/python3.8/site-packages/pulp_file/tests/functional/api/test_acs.py::test_serving_acs_content
Thu, 12 Oct 2023 10:55:30 GMT [gw7] [ 11%] PASSED usr/local/lib/python3.8/site-packages/pulp_file/tests/functional/api/test_domains.py::test_object_creation
Thu, 12 Oct 2023 10:55:34 GMT [gw0] [ 12%] PASSED usr/local/lib/python3.8/site-packages/pulp_file/tests/functional/api/test_acs.py::test_acs_validation_and_update
Thu, 12 Oct 2023 10:55:35 GMT [gw1] [ 13%] PASSED usr/local/lib/python3.8/site-packages/pulp_file/tests/functional/api/test_crud_content_unit.py::test_crud_content_unit
Thu, 12 Oct 2023 10:58:42 GMT usr/local/lib/python3.8/site-packages/pulp_file/tests/functional/api/test_publish.py::test_crd_publications
Thu, 12 Oct 2023 10:58:43 GMT [gw3] [ 63%] PASSED usr/local/lib/python3.8/site-packages/pulp_file/tests/functional/api/from_pulpcore/test_content_delivery.py::test_delete_remote_on_demand
Thu, 12 Oct 2023 10:58:44 GMT usr/local/lib/python3.8/site-packages/pulp_file/tests/functional/api/from_pulpcore/test_crud_repos.py::test_crud_repo_full_workflow
Thu, 12 Oct 2023 10:58:46 GMT usr/local/lib/python3.8/site-packages/pulp_file/tests/functional/api/from_pulpcore/test_content_path.py::test_content_directory_listing
Thu, 12 Oct 2023 10:58:49 GMT [gw7] [ 64%] PASSED usr/local/lib/python3.8/site-packages/pulp_file/tests/functional/api/from_pulpcore/test_content_promotion.py::test_content_promotion
Thu, 12 Oct 2023 10:58:57 GMT [gw5] [ 65%] PASSED usr/local/lib/python3.8/site-packages/pulp_file/tests/functional/api/test_download_policies.py::test_download_policy[streamed]
Thu, 12 Oct 2023 10:59:05 GMT usr/local/lib/python3.8/site-packages/pulp_file/tests/functional/api/from_pulpcore/test_crud_repos.py::test_repository_remote_filter
Thu, 12 Oct 2023 10:59:07 GMT usr/local/lib/python3.8/site-packages/pulp_file/tests/functional/api/from_pulpcore/test_content_cache.py::test_full_workflow
Thu, 12 Oct 2023 10:59:08 GMT usr/local/lib/python3.8/site-packages/pulp_file/tests/functional/api/from_pulpcore/test_crud_repos.py::test_file_remote_url_validation
Thu, 12 Oct 2023 10:59:08 GMT [gw5] [ 66%] SKIPPED usr/local/lib/python3.8/site-packages/pulp_file/tests/functional/api/from_pulpcore/test_content_cache.py::test_full_workflow
Thu, 12 Oct 2023 10:59:13 GMT [gw4] [ 67%] PASSED usr/local/lib/python3.8/site-packages/pulp_file/tests/functional/api/from_pulpcore/test_content_guard.py::test_rbac_content_guard_full_workflow
Thu, 12 Oct 2023 10:59:15 GMT [gw6] [ 68%] PASSED usr/local/lib/python3.8/site-packages/pulp_file/tests/functional/api/from_pulpcore/test_content_path.py::test_content_directory_listing
Thu, 12 Oct 2023 10:59:18 GMT [gw7] [ 69%] PASSED usr/local/lib/python3.8/site-packages/pulp_file/tests/functional/api/from_pulpcore/test_crud_repos.py::test_file_remote_url_validation
Thu, 12 Oct 2023 10:59:19 GMT usr/local/lib/python3.8/site-packages/pulp_file/tests/functional/api/from_pulpcore/test_proxy.py::test_sync_https_through_http_proxy_with_auth
Thu, 12 Oct 2023 10:59:20 GMT usr/local/lib/python3.8/site-packages/pulp_file/tests/functional/api/from_pulpcore/test_crud_repos.py::test_remote_pulp_labels
Thu, 12 Oct 2023 10:59:21 GMT [gw3] [ 70%] PASSED usr/local/lib/python3.8/site-packages/pulp_file/tests/functional/api/from_pulpcore/test_crud_repos.py::test_repository_remote_filter
Thu, 12 Oct 2023 10:59:21 GMT [gw2] [ 71%] PASSED usr/local/lib/python3.8/site-packages/pulp_file/tests/functional/api/from_pulpcore/test_crud_repos.py::test_crud_remotes_full_workflow
Thu, 12 Oct 2023 10:59:24 GMT [gw4] [ 72%] PASSED usr/local/lib/python3.8/site-packages/pulp_file/tests/functional/api/from_pulpcore/test_crud_repos.py::test_remote_pulp_labels
Thu, 12 Oct 2023 10:59:26 GMT usr/local/lib/python3.8/site-packages/pulp_file/tests/functional/api/from_pulpcore/test_proxy.py::test_sync_http_through_https_proxy
Thu, 12 Oct 2023 10:59:28 GMT [gw7] [ 73%] PASSED usr/local/lib/python3.8/site-packages/pulp_file/tests/functional/api/from_pulpcore/test_proxy.py::test_sync_https_through_http_proxy_with_auth
Thu, 12 Oct 2023 10:59:29 GMT usr/local/lib/python3.8/site-packages/pulp_file/tests/functional/api/from_pulpcore/test_pagination.py::test_repo_version_pagination
Thu, 12 Oct 2023 10:59:33 GMT usr/local/lib/python3.8/site-packages/pulp_file/tests/functional/api/from_pulpcore/test_distributions.py::test_crud_publication_distribution
Thu, 12 Oct 2023 10:59:34 GMT [gw4] [ 74%] PASSED usr/local/lib/python3.8/site-packages/pulp_file/tests/functional/api/from_pulpcore/test_proxy.py::test_sync_http_through_https_proxy
Thu, 12 Oct 2023 10:59:40 GMT usr/local/lib/python3.8/site-packages/pulp_file/tests/functional/api/from_pulpcore/test_proxy.py::test_sync_https_through_http_proxy_with_auth_but_auth_not_configured
Thu, 12 Oct 2023 10:59:40 GMT usr/local/lib/python3.8/site-packages/pulp_file/tests/functional/api/from_pulpcore/test_reclaim_disk_space.py::test_reclaim_immediate_content
Thu, 12 Oct 2023 10:59:41 GMT [gw7] [ 75%] PASSED usr/local/lib/python3.8/site-packages/pulp_file/tests/functional/api/from_pulpcore/test_proxy.py::test_sync_https_through_http_proxy_with_auth_but_auth_not_configured
Thu, 12 Oct 2023 10:59:42 GMT [gw0] [ 76%] PASSED usr/local/lib/python3.8/site-packages/pulp_file/tests/functional/api/from_pulpcore/test_crud_repos.py::test_crud_repo_full_workflow
Thu, 12 Oct 2023 10:59:43 GMT [gw1] [ 77%] PASSED usr/local/lib/python3.8/site-packages/pulp_file/tests/functional/api/test_publish.py::test_crd_publications
Thu, 12 Oct 2023 10:59:46 GMT usr/local/lib/python3.8/site-packages/pulp_file/tests/functional/api/from_pulpcore/test_proxy.py::test_sync_http_through_http_proxy
Thu, 12 Oct 2023 10:59:47 GMT usr/local/lib/python3.8/site-packages/pulp_file/tests/functional/api/from_pulpcore/test_distributions.py::test_distribution_filtering
Thu, 12 Oct 2023 10:59:51 GMT usr/local/lib/python3.8/site-packages/pulp_file/tests/functional/api/from_pulpcore/test_repo_versions.py::test_add_remove_content
Thu, 12 Oct 2023 10:59:56 GMT [gw3] [ 78%] PASSED usr/local/lib/python3.8/site-packages/pulp_file/tests/functional/api/from_pulpcore/test_proxy.py::test_sync_http_through_http_proxy
Thu, 12 Oct 2023 10:59:58 GMT usr/local/lib/python3.8/site-packages/pulp_file/tests/functional/api/from_pulpcore/test_distributions.py::test_distribution_base_path
Thu, 12 Oct 2023 11:00:03 GMT usr/local/lib/python3.8/site-packages/pulp_file/tests/functional/api/from_pulpcore/test_repo_versions.py::test_squash_repo_version
Thu, 12 Oct 2023 11:00:10 GMT [gw4] [ 79%] PASSED usr/local/lib/python3.8/site-packages/pulp_file/tests/functional/api/from_pulpcore/test_reclaim_disk_space.py::test_reclaim_immediate_content
Thu, 12 Oct 2023 11:00:13 GMT usr/local/lib/python3.8/site-packages/pulp_file/tests/functional/api/from_pulpcore/test_repo_versions.py::test_add_remove_repo_version
Thu, 12 Oct 2023 11:00:17 GMT [gw1] [ 80%] PASSED usr/local/lib/python3.8/site-packages/pulp_file/tests/functional/api/from_pulpcore/test_distributions.py::test_distribution_base_path
Thu, 12 Oct 2023 11:00:18 GMT usr/local/lib/python3.8/site-packages/pulp_file/tests/functional/api/from_pulpcore/test_repo_versions.py::test_create_repo_base_version
Thu, 12 Oct 2023 11:00:23 GMT [gw7] [ 81%] PASSED usr/local/lib/python3.8/site-packages/pulp_file/tests/functional/api/from_pulpcore/test_repo_versions.py::test_add_remove_content
Thu, 12 Oct 2023 11:00:24 GMT [gw2] [ 82%] PASSED usr/local/lib/python3.8/site-packages/pulp_file/tests/functional/api/from_pulpcore/test_distributions.py::test_crud_publication_distribution
Thu, 12 Oct 2023 11:00:33 GMT usr/local/lib/python3.8/site-packages/pulp_file/tests/functional/api/from_pulpcore/test_repo_versions.py::test_filter_repo_version
Thu, 12 Oct 2023 11:00:54 GMT usr/local/lib/python3.8/site-packages/pulp_file/tests/functional/api/from_pulpcore/test_reclaim_disk_space.py::test_immediate_reclaim_becomes_on_demand
Thu, 12 Oct 2023 11:01:04 GMT [gw2] [ 83%] PASSED usr/local/lib/python3.8/site-packages/pulp_file/tests/functional/api/from_pulpcore/test_reclaim_disk_space.py::test_immediate_reclaim_becomes_on_demand
Thu, 12 Oct 2023 11:01:08 GMT usr/local/lib/python3.8/site-packages/pulp_file/tests/functional/api/from_pulpcore/test_repo_versions.py::test_content_in_repository_version_view
Thu, 12 Oct 2023 11:01:11 GMT [gw0] [ 84%] PASSED usr/local/lib/python3.8/site-packages/pulp_file/tests/functional/api/from_pulpcore/test_distributions.py::test_distribution_filtering
Thu, 12 Oct 2023 11:01:26 GMT [gw1] [ 85%] PASSED usr/local/lib/python3.8/site-packages/pulp_file/tests/functional/api/from_pulpcore/test_repo_versions.py::test_create_repo_base_version
Thu, 12 Oct 2023 11:01:26 GMT [gw3] [ 86%] PASSED usr/local/lib/python3.8/site-packages/pulp_file/tests/functional/api/from_pulpcore/test_repo_versions.py::test_squash_repo_version
Thu, 12 Oct 2023 11:01:28 GMT usr/local/lib/python3.8/site-packages/pulp_file/tests/functional/api/from_pulpcore/test_repo_versions.py::test_clear_all_units_repo_version
Thu, 12 Oct 2023 11:01:32 GMT [gw2] [ 87%] PASSED usr/local/lib/python3.8/site-packages/pulp_file/tests/functional/api/from_pulpcore/test_repo_versions.py::test_content_in_repository_version_view
Thu, 12 Oct 2023 11:01:37 GMT usr/local/lib/python3.8/site-packages/pulp_file/tests/functional/api/from_pulpcore/test_repo_versions.py::test_filter_artifacts
Thu, 12 Oct 2023 11:01:46 GMT usr/local/lib/python3.8/site-packages/pulp_file/tests/functional/api/from_pulpcore/test_tasks.py::test_retrieve_task_with_fields_created_resources_only
Thu, 12 Oct 2023 11:01:46 GMT usr/local/lib/python3.8/site-packages/pulp_file/tests/functional/api/from_pulpcore/test_repo_versions.py::test_content_immutable_repo_version
Thu, 12 Oct 2023 11:01:56 GMT [gw2] [ 88%] PASSED usr/local/lib/python3.8/site-packages/pulp_file/tests/functional/api/from_pulpcore/test_tasks.py::test_retrieve_task_with_fields_created_resources_only
Thu, 12 Oct 2023 11:01:58 GMT [gw3] [ 89%] PASSED usr/local/lib/python3.8/site-packages/pulp_file/tests/functional/api/from_pulpcore/test_repo_versions.py::test_filter_artifacts
Thu, 12 Oct 2023 11:02:00 GMT [gw0] [ 90%] PASSED usr/local/lib/python3.8/site-packages/pulp_file/tests/functional/api/from_pulpcore/test_repo_versions.py::test_content_immutable_repo_version
Thu, 12 Oct 2023 11:02:06 GMT [gw4] [ 91%] PASSED usr/local/lib/python3.8/site-packages/pulp_file/tests/functional/api/from_pulpcore/test_repo_versions.py::test_add_remove_repo_version
Thu, 12 Oct 2023 11:02:07 GMT usr/local/lib/python3.8/site-packages/pulp_file/tests/functional/api/from_pulpcore/test_repo_versions.py::test_delete_repo_version_resources
Thu, 12 Oct 2023 11:02:11 GMT [gw7] [ 92%] PASSED usr/local/lib/python3.8/site-packages/pulp_file/tests/functional/api/from_pulpcore/test_repo_versions.py::test_filter_repo_version
Thu, 12 Oct 2023 11:02:13 GMT usr/local/lib/python3.8/site-packages/pulp_file/tests/functional/api/from_pulpcore/test_repo_versions.py::test_repo_version_retention
Thu, 12 Oct 2023 11:02:16 GMT [gw6] [ 93%] PASSED usr/local/lib/python3.8/site-packages/pulp_file/tests/functional/api/from_pulpcore/test_pagination.py::test_repo_version_pagination
Thu, 12 Oct 2023 11:02:19 GMT usr/local/lib/python3.8/site-packages/pulp_file/tests/functional/api/from_pulpcore/test_reclaim_disk_space.py::test_reclaim_on_demand_content
Thu, 12 Oct 2023 11:02:27 GMT [gw4] [ 94%] PASSED usr/local/lib/python3.8/site-packages/pulp_file/tests/functional/api/from_pulpcore/test_repo_versions.py::test_delete_repo_version_resources
Thu, 12 Oct 2023 11:02:30 GMT [gw6] [ 95%] PASSED usr/local/lib/python3.8/site-packages/pulp_file/tests/functional/api/from_pulpcore/test_reclaim_disk_space.py::test_reclaim_on_demand_content
Thu, 12 Oct 2023 11:02:34 GMT [gw1] [ 96%] PASSED usr/local/lib/python3.8/site-packages/pulp_file/tests/functional/api/from_pulpcore/test_repo_versions.py::test_clear_all_units_repo_version
Thu, 12 Oct 2023 11:02:44 GMT usr/local/lib/python3.8/site-packages/pulp_file/tests/functional/api/from_pulpcore/test_unlinking_repo.py::test_shared_remote_usage
Thu, 12 Oct 2023 11:02:44 GMT [gw7] [ 97%] PASSED usr/local/lib/python3.8/site-packages/pulp_file/tests/functional/api/from_pulpcore/test_repo_versions.py::test_repo_version_retention
