usr/local/lib/python3.8/site-packages/pulp_file/tests/functional/api/test_acs.py::test_acs_validation_and_update
Mon, 16 Oct 2023 03:08:27 GMT usr/local/lib/python3.8/site-packages/pulp_file/tests/functional/api/test_crud_content_unit.py::test_cannot_create_repo_version_with_two_relative_paths_the_same
Mon, 16 Oct 2023 03:08:27 GMT usr/local/lib/python3.8/site-packages/pulp_file/tests/functional/api/test_acs.py::test_serving_acs_content
Mon, 16 Oct 2023 03:08:27 GMT usr/local/lib/python3.8/site-packages/pulp_file/tests/functional/api/test_bad_sync.py::test_bad_response_retry_multiple_files
Mon, 16 Oct 2023 03:08:27 GMT usr/local/lib/python3.8/site-packages/pulp_file/tests/functional/api/test_crud_content_unit.py::test_same_sha256_same_relative_path_repo_specified
Mon, 16 Oct 2023 03:08:27 GMT usr/local/lib/python3.8/site-packages/pulp_file/tests/functional/api/test_crud_remotes.py::test_remote_crud_workflow
Mon, 16 Oct 2023 03:08:27 GMT usr/local/lib/python3.8/site-packages/pulp_file/tests/functional/api/test_crud_remotes.py::test_can_update_remote_policy
Mon, 16 Oct 2023 03:08:29 GMT usr/local/lib/python3.8/site-packages/pulp_file/tests/functional/api/test_crud_remotes.py::test_default_remote_policy_immediate
Mon, 16 Oct 2023 03:08:32 GMT [gw6] [  1%] PASSED usr/local/lib/python3.8/site-packages/pulp_file/tests/functional/api/test_crud_remotes.py::test_default_remote_policy_immediate
Mon, 16 Oct 2023 03:08:34 GMT usr/local/lib/python3.8/site-packages/pulp_file/tests/functional/api/test_crud_remotes.py::test_specify_remote_policy_streamed
Mon, 16 Oct 2023 03:08:34 GMT [gw7] [  2%] PASSED usr/local/lib/python3.8/site-packages/pulp_file/tests/functional/api/test_crud_remotes.py::test_can_update_remote_policy
Mon, 16 Oct 2023 03:08:38 GMT [gw6] [  3%] PASSED usr/local/lib/python3.8/site-packages/pulp_file/tests/functional/api/test_crud_remotes.py::test_specify_remote_policy_streamed
Mon, 16 Oct 2023 03:08:38 GMT usr/local/lib/python3.8/site-packages/pulp_file/tests/functional/api/test_domains.py::test_object_creation
Mon, 16 Oct 2023 03:08:40 GMT usr/local/lib/python3.8/site-packages/pulp_file/tests/functional/api/test_crud_remotes.py::test_specify_remote_policy_on_demand
Mon, 16 Oct 2023 03:08:40 GMT [gw6] [  4%] PASSED usr/local/lib/python3.8/site-packages/pulp_file/tests/functional/api/test_crud_remotes.py::test_specify_remote_policy_on_demand
Mon, 16 Oct 2023 03:08:41 GMT [gw2] [  5%] PASSED usr/local/lib/python3.8/site-packages/pulp_file/tests/functional/api/test_bad_sync.py::test_bad_response_retry_multiple_files
Mon, 16 Oct 2023 03:08:44 GMT [gw4] [  6%] PASSED usr/local/lib/python3.8/site-packages/pulp_file/tests/functional/api/test_crud_remotes.py::test_remote_crud_workflow
Mon, 16 Oct 2023 03:08:45 GMT usr/local/lib/python3.8/site-packages/pulp_file/tests/functional/api/test_domains.py::test_content_upload
Mon, 16 Oct 2023 03:08:47 GMT usr/local/lib/python3.8/site-packages/pulp_file/tests/functional/api/test_crud_remotes.py::test_create_file_remote_with_invalid_parameter
Mon, 16 Oct 2023 03:08:47 GMT [gw4] [  7%] PASSED usr/local/lib/python3.8/site-packages/pulp_file/tests/functional/api/test_crud_remotes.py::test_create_file_remote_with_invalid_parameter
Mon, 16 Oct 2023 03:08:47 GMT usr/local/lib/python3.8/site-packages/pulp_file/tests/functional/api/test_crud_remotes.py::test_create_file_remote_without_url
Mon, 16 Oct 2023 03:08:49 GMT usr/local/lib/python3.8/site-packages/pulp_file/tests/functional/api/test_crud_content_unit.py::test_crud_content_unit
Mon, 16 Oct 2023 03:08:49 GMT [gw4] [  8%] PASSED usr/local/lib/python3.8/site-packages/pulp_file/tests/functional/api/test_crud_remotes.py::test_create_file_remote_without_url
Mon, 16 Oct 2023 03:08:50 GMT usr/local/lib/python3.8/site-packages/pulp_file/tests/functional/api/test_download_policies.py::test_download_policy[immediate]
Mon, 16 Oct 2023 03:08:50 GMT [gw5] [  9%] PASSED usr/local/lib/python3.8/site-packages/pulp_file/tests/functional/api/test_crud_content_unit.py::test_cannot_create_repo_version_with_two_relative_paths_the_same
Mon, 16 Oct 2023 03:08:51 GMT [gw1] [ 10%] PASSED usr/local/lib/python3.8/site-packages/pulp_file/tests/functional/api/test_acs.py::test_serving_acs_content
Mon, 16 Oct 2023 03:08:52 GMT [gw7] [ 11%] PASSED usr/local/lib/python3.8/site-packages/pulp_file/tests/functional/api/test_domains.py::test_object_creation
Mon, 16 Oct 2023 03:08:57 GMT [gw0] [ 12%] PASSED usr/local/lib/python3.8/site-packages/pulp_file/tests/functional/api/test_acs.py::test_acs_validation_and_update
Mon, 16 Oct 2023 03:09:00 GMT usr/local/lib/python3.8/site-packages/pulp_file/tests/functional/api/test_crud_content_unit.py::test_bad_inputs_to_modify_endpoint
Mon, 16 Oct 2023 03:09:02 GMT [gw2] [ 13%] PASSED usr/local/lib/python3.8/site-packages/pulp_file/tests/functional/api/test_crud_content_unit.py::test_crud_content_unit
Mon, 16 Oct 2023 03:09:02 GMT usr/local/lib/python3.8/site-packages/pulp_file/tests/functional/api/test_crud_content_unit.py::test_same_sha256_same_relative_path_no_repo
Mon, 16 Oct 2023 03:09:04 GMT usr/local/lib/python3.8/site-packages/pulp_file/tests/functional/api/test_domains.py::test_artifact_upload
Mon, 16 Oct 2023 03:09:04 GMT usr/local/lib/python3.8/site-packages/pulp_file/tests/functional/api/test_acs.py::test_acs_sync
Mon, 16 Oct 2023 03:09:05 GMT [gw3] [ 14%] PASSED usr/local/lib/python3.8/site-packages/pulp_file/tests/functional/api/test_crud_content_unit.py::test_same_sha256_same_relative_path_repo_specified
Mon, 16 Oct 2023 03:09:06 GMT [gw6] [ 15%] PASSED usr/local/lib/python3.8/site-packages/pulp_file/tests/functional/api/test_domains.py::test_content_upload
Mon, 16 Oct 2023 03:09:08 GMT [gw5] [ 16%] PASSED usr/local/lib/python3.8/site-packages/pulp_file/tests/functional/api/test_crud_content_unit.py::test_bad_inputs_to_modify_endpoint
Mon, 16 Oct 2023 03:09:09 GMT usr/local/lib/python3.8/site-packages/pulp_file/tests/functional/api/test_domains.py::test_content_promotion
Mon, 16 Oct 2023 03:09:10 GMT usr/local/lib/python3.8/site-packages/pulp_file/tests/functional/api/test_auto_publish.py::test_auto_publish_and_distribution
Mon, 16 Oct 2023 03:09:16 GMT usr/local/lib/python3.8/site-packages/pulp_file/tests/functional/api/test_crud_content_unit.py::test_create_file_content_from_chunked_upload
Mon, 16 Oct 2023 03:09:17 GMT [gw2] [ 17%] PASSED usr/local/lib/python3.8/site-packages/pulp_file/tests/functional/api/test_crud_content_unit.py::test_same_sha256_same_relative_path_no_repo
Mon, 16 Oct 2023 03:09:18 GMT usr/local/lib/python3.8/site-packages/pulp_file/tests/functional/api/test_crud_content_unit.py::test_same_sha256_diff_relative_path
Mon, 16 Oct 2023 03:09:18 GMT usr/local/lib/python3.8/site-packages/pulp_file/tests/functional/api/test_generic_list.py::test_read_all_repos_generic
Mon, 16 Oct 2023 03:09:22 GMT [gw0] [ 18%] PASSED usr/local/lib/python3.8/site-packages/pulp_file/tests/functional/api/test_acs.py::test_acs_sync
Mon, 16 Oct 2023 03:09:26 GMT [gw2] [ 19%] PASSED usr/local/lib/python3.8/site-packages/pulp_file/tests/functional/api/test_generic_list.py::test_read_all_repos_generic
Mon, 16 Oct 2023 03:09:26 GMT usr/local/lib/python3.8/site-packages/pulp_file/tests/functional/api/test_generic_list.py::test_read_all_content_generic
Mon, 16 Oct 2023 03:09:31 GMT [gw7] [ 20%] PASSED usr/local/lib/python3.8/site-packages/pulp_file/tests/functional/api/test_domains.py::test_artifact_upload
Mon, 16 Oct 2023 03:09:33 GMT [gw4] [ 21%] PASSED usr/local/lib/python3.8/site-packages/pulp_file/tests/functional/api/test_download_policies.py::test_download_policy[immediate]
Mon, 16 Oct 2023 03:09:34 GMT [gw3] [ 22%] PASSED usr/local/lib/python3.8/site-packages/pulp_file/tests/functional/api/test_crud_content_unit.py::test_same_sha256_diff_relative_path
Mon, 16 Oct 2023 03:09:34 GMT usr/local/lib/python3.8/site-packages/pulp_file/tests/functional/api/test_acs.py::test_acs_sync_with_paths
Mon, 16 Oct 2023 03:09:35 GMT usr/local/lib/python3.8/site-packages/pulp_file/tests/functional/api/test_generic_list.py::test_read_all_master_model_remotes_generic
Mon, 16 Oct 2023 03:09:36 GMT usr/local/lib/python3.8/site-packages/pulp_file/tests/functional/api/test_crud_content_unit.py::test_second_content_unit_with_same_rel_path_replaces_the_first
Mon, 16 Oct 2023 03:09:38 GMT [gw2] [ 23%] PASSED usr/local/lib/python3.8/site-packages/pulp_file/tests/functional/api/test_generic_list.py::test_read_all_content_generic
Mon, 16 Oct 2023 03:09:39 GMT usr/local/lib/python3.8/site-packages/pulp_file/tests/functional/api/test_generic_list.py::test_read_all_content_guards_generic
Mon, 16 Oct 2023 03:09:40 GMT [gw6] [ 24%] PASSED usr/local/lib/python3.8/site-packages/pulp_file/tests/functional/api/test_domains.py::test_content_promotion
Mon, 16 Oct 2023 03:09:41 GMT [gw7] [ 25%] PASSED usr/local/lib/python3.8/site-packages/pulp_file/tests/functional/api/test_generic_list.py::test_read_all_master_model_remotes_generic
Mon, 16 Oct 2023 03:09:43 GMT [gw2] [ 26%] PASSED usr/local/lib/python3.8/site-packages/pulp_file/tests/functional/api/test_generic_list.py::test_read_all_content_guards_generic
Mon, 16 Oct 2023 03:09:45 GMT usr/local/lib/python3.8/site-packages/pulp_file/tests/functional/api/test_labels.py::test_empty_blank_filter
Mon, 16 Oct 2023 03:09:48 GMT usr/local/lib/python3.8/site-packages/pulp_file/tests/functional/api/test_download_policies.py::test_download_policy[on_demand]
Mon, 16 Oct 2023 03:09:49 GMT usr/local/lib/python3.8/site-packages/pulp_file/tests/functional/api/test_labels.py::test_create_repo_with_labels
Mon, 16 Oct 2023 03:09:49 GMT [gw2] [ 27%] PASSED usr/local/lib/python3.8/site-packages/pulp_file/tests/functional/api/test_labels.py::test_empty_blank_filter
Mon, 16 Oct 2023 03:09:49 GMT [gw0] [ 28%] PASSED usr/local/lib/python3.8/site-packages/pulp_file/tests/functional/api/test_acs.py::test_acs_sync_with_paths
Mon, 16 Oct 2023 03:09:50 GMT [gw7] [ 29%] PASSED usr/local/lib/python3.8/site-packages/pulp_file/tests/functional/api/test_labels.py::test_create_repo_with_labels
Mon, 16 Oct 2023 03:09:50 GMT usr/local/lib/python3.8/site-packages/pulp_file/tests/functional/api/test_domains.py::test_domain_rbac
Mon, 16 Oct 2023 03:09:53 GMT [gw5] [ 30%] PASSED usr/local/lib/python3.8/site-packages/pulp_file/tests/functional/api/test_crud_content_unit.py::test_create_file_content_from_chunked_upload
Mon, 16 Oct 2023 03:09:53 GMT usr/local/lib/python3.8/site-packages/pulp_file/tests/functional/api/test_labels.py::test_invalid_label_select
Mon, 16 Oct 2023 03:09:56 GMT usr/local/lib/python3.8/site-packages/pulp_file/tests/functional/api/test_labels.py::test_set_unset_all_labels
Mon, 16 Oct 2023 03:09:58 GMT usr/local/lib/python3.8/site-packages/pulp_file/tests/functional/api/test_labels.py::test_add_remove_label_keys
Mon, 16 Oct 2023 03:09:58 GMT [gw2] [ 31%] PASSED usr/local/lib/python3.8/site-packages/pulp_file/tests/functional/api/test_labels.py::test_invalid_label_select
Mon, 16 Oct 2023 03:09:59 GMT usr/local/lib/python3.8/site-packages/pulp_file/tests/functional/api/test_rbac.py::test_role_management
Mon, 16 Oct 2023 03:10:04 GMT [gw1] [ 32%] PASSED usr/local/lib/python3.8/site-packages/pulp_file/tests/functional/api/test_auto_publish.py::test_auto_publish_and_distribution
Mon, 16 Oct 2023 03:10:05 GMT usr/local/lib/python3.8/site-packages/pulp_file/tests/functional/api/test_labels.py::test_model_partial_update
Mon, 16 Oct 2023 03:10:06 GMT [gw3] [ 33%] PASSED usr/local/lib/python3.8/site-packages/pulp_file/tests/functional/api/test_crud_content_unit.py::test_second_content_unit_with_same_rel_path_replaces_the_first
Mon, 16 Oct 2023 03:10:10 GMT [gw7] [ 34%] PASSED usr/local/lib/python3.8/site-packages/pulp_file/tests/functional/api/test_labels.py::test_set_unset_all_labels
Mon, 16 Oct 2023 03:10:10 GMT usr/local/lib/python3.8/site-packages/pulp_file/tests/functional/api/test_rbac.py::test_repository_version_repair
Mon, 16 Oct 2023 03:10:11 GMT [gw5] [ 35%] PASSED usr/local/lib/python3.8/site-packages/pulp_file/tests/functional/api/test_labels.py::test_add_remove_label_keys
Mon, 16 Oct 2023 03:10:12 GMT [gw0] [ 36%] PASSED usr/local/lib/python3.8/site-packages/pulp_file/tests/functional/api/test_labels.py::test_model_partial_update
Mon, 16 Oct 2023 03:10:12 GMT usr/local/lib/python3.8/site-packages/pulp_file/tests/functional/api/test_bad_sync.py::test_bad_response_retry
Mon, 16 Oct 2023 03:10:15 GMT usr/local/lib/python3.8/site-packages/pulp_file/tests/functional/api/test_labels.py::test_invalid_labels
Mon, 16 Oct 2023 03:10:15 GMT [gw6] [ 37%] PASSED usr/local/lib/python3.8/site-packages/pulp_file/tests/functional/api/test_domains.py::test_domain_rbac
Mon, 16 Oct 2023 03:10:16 GMT usr/local/lib/python3.8/site-packages/pulp_file/tests/functional/api/test_labels.py::test_invalid_label_type
Mon, 16 Oct 2023 03:10:16 GMT [gw3] [ 38%] PASSED usr/local/lib/python3.8/site-packages/pulp_file/tests/functional/api/test_labels.py::test_invalid_labels
Mon, 16 Oct 2023 03:10:17 GMT usr/local/lib/python3.8/site-packages/pulp_file/tests/functional/api/test_labels.py::test_label_select
Mon, 16 Oct 2023 03:10:17 GMT [gw0] [ 39%] PASSED usr/local/lib/python3.8/site-packages/pulp_file/tests/functional/api/test_labels.py::test_invalid_label_type
Mon, 16 Oct 2023 03:10:18 GMT usr/local/lib/python3.8/site-packages/pulp_file/tests/functional/api/test_remote_settings.py::test_http_sync_ssl_tls_validation_off
Mon, 16 Oct 2023 03:10:24 GMT usr/local/lib/python3.8/site-packages/pulp_file/tests/functional/api/test_labels.py::test_update_existing_label_value
Mon, 16 Oct 2023 03:10:28 GMT [gw1] [ 40%] PASSED usr/local/lib/python3.8/site-packages/pulp_file/tests/functional/api/test_bad_sync.py::test_bad_response_retry
Mon, 16 Oct 2023 03:10:29 GMT [gw5] [ 41%] PASSED usr/local/lib/python3.8/site-packages/pulp_file/tests/functional/api/test_labels.py::test_update_existing_label_value
Mon, 16 Oct 2023 03:10:31 GMT [gw0] [ 42%] PASSED usr/local/lib/python3.8/site-packages/pulp_file/tests/functional/api/test_remote_settings.py::test_http_sync_ssl_tls_validation_off
Mon, 16 Oct 2023 03:10:32 GMT [gw7] [ 43%] PASSED usr/local/lib/python3.8/site-packages/pulp_file/tests/functional/api/test_rbac.py::test_repository_version_repair
Mon, 16 Oct 2023 03:10:32 GMT usr/local/lib/python3.8/site-packages/pulp_file/tests/functional/api/test_rbac.py::test_object_creation
Mon, 16 Oct 2023 03:10:32 GMT usr/local/lib/python3.8/site-packages/pulp_file/tests/functional/api/test_remote_settings.py::test_http_sync_ssl_with_client_cert_req
Mon, 16 Oct 2023 03:10:35 GMT [gw2] [ 44%] PASSED usr/local/lib/python3.8/site-packages/pulp_file/tests/functional/api/test_rbac.py::test_role_management
Mon, 16 Oct 2023 03:10:36 GMT usr/local/lib/python3.8/site-packages/pulp_file/tests/functional/api/test_mime_types.py::test_content_types
Mon, 16 Oct 2023 03:10:37 GMT usr/local/lib/python3.8/site-packages/pulp_file/tests/functional/api/test_remote_settings.py::test_http_sync_ssl_tls_validation_defaults_to_on
Mon, 16 Oct 2023 03:10:41 GMT [gw3] [ 45%] PASSED usr/local/lib/python3.8/site-packages/pulp_file/tests/functional/api/test_labels.py::test_label_select
Mon, 16 Oct 2023 03:10:42 GMT usr/local/lib/python3.8/site-packages/pulp_file/tests/functional/api/test_rbac.py::test_acs_apis
Mon, 16 Oct 2023 03:10:42 GMT [gw5] [ 46%] PASSED usr/local/lib/python3.8/site-packages/pulp_file/tests/functional/api/test_remote_settings.py::test_http_sync_ssl_with_client_cert_req
Mon, 16 Oct 2023 03:10:46 GMT usr/local/lib/python3.8/site-packages/pulp_file/tests/functional/api/test_rbac.py::test_repository_apis
Mon, 16 Oct 2023 03:10:48 GMT [gw0] [ 47%] PASSED usr/local/lib/python3.8/site-packages/pulp_file/tests/functional/api/test_remote_settings.py::test_http_sync_ssl_tls_validation_defaults_to_on
Mon, 16 Oct 2023 03:10:49 GMT usr/local/lib/python3.8/site-packages/pulp_file/tests/functional/api/test_remote_settings.py::test_http_sync_ssl_tls_validation_on
Mon, 16 Oct 2023 03:10:53 GMT usr/local/lib/python3.8/site-packages/pulp_file/tests/functional/api/test_remote_settings.py::test_ondemand_to_immediate_sync
Mon, 16 Oct 2023 03:10:53 GMT [gw4] [ 48%] PASSED usr/local/lib/python3.8/site-packages/pulp_file/tests/functional/api/test_download_policies.py::test_download_policy[on_demand]
Mon, 16 Oct 2023 03:10:58 GMT usr/local/lib/python3.8/site-packages/pulp_file/tests/functional/api/test_remote_settings.py::test_header_for_sync
Mon, 16 Oct 2023 03:11:03 GMT [gw3] [ 49%] PASSED usr/local/lib/python3.8/site-packages/pulp_file/tests/functional/api/test_remote_settings.py::test_http_sync_ssl_tls_validation_on
Mon, 16 Oct 2023 03:11:06 GMT [gw0] [ 50%] PASSED usr/local/lib/python3.8/site-packages/pulp_file/tests/functional/api/test_remote_settings.py::test_header_for_sync
Mon, 16 Oct 2023 03:11:07 GMT usr/local/lib/python3.8/site-packages/pulp_file/tests/functional/api/test_sync.py::test_invalid_file
Mon, 16 Oct 2023 03:11:07 GMT usr/local/lib/python3.8/site-packages/pulp_file/tests/functional/api/test_download_policies.py::test_download_policy[streamed]
Mon, 16 Oct 2023 03:11:09 GMT [gw5] [ 51%] PASSED usr/local/lib/python3.8/site-packages/pulp_file/tests/functional/api/test_remote_settings.py::test_ondemand_to_immediate_sync
Mon, 16 Oct 2023 03:11:11 GMT [gw7] [ 52%] PASSED usr/local/lib/python3.8/site-packages/pulp_file/tests/functional/api/test_rbac.py::test_acs_apis
Mon, 16 Oct 2023 03:11:14 GMT usr/local/lib/python3.8/site-packages/pulp_file/tests/functional/api/test_sync.py::test_filepath_includes_commas
Mon, 16 Oct 2023 03:11:14 GMT [gw3] [ 53%] PASSED usr/local/lib/python3.8/site-packages/pulp_file/tests/functional/api/test_sync.py::test_invalid_file
Mon, 16 Oct 2023 03:11:16 GMT [gw1] [ 54%] PASSED usr/local/lib/python3.8/site-packages/pulp_file/tests/functional/api/test_rbac.py::test_object_creation
Mon, 16 Oct 2023 03:11:18 GMT [gw2] [ 55%] PASSED usr/local/lib/python3.8/site-packages/pulp_file/tests/functional/api/test_rbac.py::test_repository_apis
Mon, 16 Oct 2023 03:11:19 GMT usr/local/lib/python3.8/site-packages/pulp_file/tests/functional/api/test_sync.py::test_mirrored_sync
Mon, 16 Oct 2023 03:11:21 GMT usr/local/lib/python3.8/site-packages/pulp_file/tests/functional/api/test_sync.py::test_duplicate_file_sync
Mon, 16 Oct 2023 03:11:23 GMT usr/local/lib/python3.8/site-packages/pulp_file/tests/functional/api/from_pulpcore/test_content_cache.py::test_full_workflow
Mon, 16 Oct 2023 03:11:25 GMT [gw0] [ 56%] PASSED usr/local/lib/python3.8/site-packages/pulp_file/tests/functional/api/test_sync.py::test_filepath_includes_commas
Mon, 16 Oct 2023 03:11:26 GMT [gw3] [ 57%] SKIPPED usr/local/lib/python3.8/site-packages/pulp_file/tests/functional/api/from_pulpcore/test_content_cache.py::test_full_workflow
Mon, 16 Oct 2023 03:11:27 GMT [gw7] [ 58%] PASSED usr/local/lib/python3.8/site-packages/pulp_file/tests/functional/api/test_sync.py::test_mirrored_sync
Mon, 16 Oct 2023 03:11:28 GMT usr/local/lib/python3.8/site-packages/pulp_file/tests/functional/api/test_remote_settings.py::test_http_sync_no_ssl
Mon, 16 Oct 2023 03:11:29 GMT usr/local/lib/python3.8/site-packages/pulp_file/tests/functional/api/test_sync.py::test_invalid_url
Mon, 16 Oct 2023 03:11:32 GMT usr/local/lib/python3.8/site-packages/pulp_file/tests/functional/api/from_pulpcore/test_content_delivery.py::test_remote_artifact_url_update
Mon, 16 Oct 2023 03:11:35 GMT usr/local/lib/python3.8/site-packages/pulp_file/tests/functional/api/from_pulpcore/test_content_guard.py::test_rbac_content_guard_full_workflow
Mon, 16 Oct 2023 03:11:38 GMT [gw1] [ 59%] PASSED usr/local/lib/python3.8/site-packages/pulp_file/tests/functional/api/test_remote_settings.py::test_http_sync_no_ssl
Mon, 16 Oct 2023 03:11:39 GMT [gw2] [ 60%] PASSED usr/local/lib/python3.8/site-packages/pulp_file/tests/functional/api/test_sync.py::test_invalid_url
Mon, 16 Oct 2023 03:11:43 GMT [gw5] [ 61%] PASSED usr/local/lib/python3.8/site-packages/pulp_file/tests/functional/api/test_sync.py::test_duplicate_file_sync
Mon, 16 Oct 2023 03:11:45 GMT usr/local/lib/python3.8/site-packages/pulp_file/tests/functional/api/from_pulpcore/test_crud_repos.py::test_crud_repo_full_workflow
Mon, 16 Oct 2023 03:11:50 GMT usr/local/lib/python3.8/site-packages/pulp_file/tests/functional/api/from_pulpcore/test_crud_repos.py::test_crud_remotes_full_workflow
Mon, 16 Oct 2023 03:11:51 GMT [gw0] [ 62%] PASSED usr/local/lib/python3.8/site-packages/pulp_file/tests/functional/api/from_pulpcore/test_content_delivery.py::test_remote_artifact_url_update
Mon, 16 Oct 2023 03:12:05 GMT usr/local/lib/python3.8/site-packages/pulp_file/tests/functional/api/from_pulpcore/test_content_path.py::test_content_directory_listing
Mon, 16 Oct 2023 03:12:06 GMT usr/local/lib/python3.8/site-packages/pulp_file/tests/functional/api/from_pulpcore/test_crud_repos.py::test_remote_pulp_labels
Mon, 16 Oct 2023 03:12:08 GMT [gw0] [ 63%] PASSED usr/local/lib/python3.8/site-packages/pulp_file/tests/functional/api/from_pulpcore/test_crud_repos.py::test_remote_pulp_labels
Mon, 16 Oct 2023 03:12:11 GMT [gw6] [ 64%] PASSED usr/local/lib/python3.8/site-packages/pulp_file/tests/functional/api/test_mime_types.py::test_content_types
Mon, 16 Oct 2023 03:12:14 GMT usr/local/lib/python3.8/site-packages/pulp_file/tests/functional/api/from_pulpcore/test_distributions.py::test_distribution_filtering
Mon, 16 Oct 2023 03:12:16 GMT [gw4] [ 65%] PASSED usr/local/lib/python3.8/site-packages/pulp_file/tests/functional/api/test_download_policies.py::test_download_policy[streamed]
Mon, 16 Oct 2023 03:12:18 GMT [gw5] [ 66%] PASSED usr/local/lib/python3.8/site-packages/pulp_file/tests/functional/api/from_pulpcore/test_content_path.py::test_content_directory_listing
Mon, 16 Oct 2023 03:12:25 GMT usr/local/lib/python3.8/site-packages/pulp_file/tests/functional/api/test_publish.py::test_crd_publications
Mon, 16 Oct 2023 03:12:26 GMT [gw7] [ 67%] PASSED usr/local/lib/python3.8/site-packages/pulp_file/tests/functional/api/from_pulpcore/test_content_guard.py::test_rbac_content_guard_full_workflow
Mon, 16 Oct 2023 03:12:31 GMT usr/local/lib/python3.8/site-packages/pulp_file/tests/functional/api/from_pulpcore/test_content_delivery.py::test_delete_remote_on_demand
Mon, 16 Oct 2023 03:12:36 GMT usr/local/lib/python3.8/site-packages/pulp_file/tests/functional/api/from_pulpcore/test_distributions.py::test_distribution_base_path
Mon, 16 Oct 2023 03:12:37 GMT usr/local/lib/python3.8/site-packages/pulp_file/tests/functional/api/from_pulpcore/test_crud_repos.py::test_file_remote_url_validation
Mon, 16 Oct 2023 03:12:40 GMT [gw2] [ 68%] PASSED usr/local/lib/python3.8/site-packages/pulp_file/tests/functional/api/from_pulpcore/test_crud_repos.py::test_crud_remotes_full_workflow
Mon, 16 Oct 2023 03:12:44 GMT [gw1] [ 69%] PASSED usr/local/lib/python3.8/site-packages/pulp_file/tests/functional/api/from_pulpcore/test_crud_repos.py::test_crud_repo_full_workflow
Mon, 16 Oct 2023 03:12:45 GMT [gw7] [ 70%] PASSED usr/local/lib/python3.8/site-packages/pulp_file/tests/functional/api/from_pulpcore/test_crud_repos.py::test_file_remote_url_validation
Mon, 16 Oct 2023 03:12:45 GMT usr/local/lib/python3.8/site-packages/pulp_file/tests/functional/api/from_pulpcore/test_distributions.py::test_crud_publication_distribution
Mon, 16 Oct 2023 03:12:47 GMT usr/local/lib/python3.8/site-packages/pulp_file/tests/functional/api/from_pulpcore/test_crud_repos.py::test_repository_remote_filter
Mon, 16 Oct 2023 03:12:47 GMT usr/local/lib/python3.8/site-packages/pulp_file/tests/functional/api/from_pulpcore/test_proxy.py::test_sync_https_through_http_proxy_with_auth_but_auth_not_configured
Mon, 16 Oct 2023 03:12:49 GMT [gw4] [ 71%] PASSED usr/local/lib/python3.8/site-packages/pulp_file/tests/functional/api/from_pulpcore/test_content_delivery.py::test_delete_remote_on_demand
Mon, 16 Oct 2023 03:12:52 GMT [gw5] [ 72%] PASSED usr/local/lib/python3.8/site-packages/pulp_file/tests/functional/api/from_pulpcore/test_distributions.py::test_distribution_base_path
Mon, 16 Oct 2023 03:12:54 GMT usr/local/lib/python3.8/site-packages/pulp_file/tests/functional/api/from_pulpcore/test_proxy.py::test_sync_https_through_http_proxy_with_auth
Mon, 16 Oct 2023 03:12:59 GMT [gw7] [ 73%] PASSED usr/local/lib/python3.8/site-packages/pulp_file/tests/functional/api/from_pulpcore/test_proxy.py::test_sync_https_through_http_proxy_with_auth_but_auth_not_configured
Mon, 16 Oct 2023 03:13:00 GMT usr/local/lib/python3.8/site-packages/pulp_file/tests/functional/api/from_pulpcore/test_proxy.py::test_sync_https_through_http_proxy
Mon, 16 Oct 2023 03:13:01 GMT [gw5] [ 74%] PASSED usr/local/lib/python3.8/site-packages/pulp_file/tests/functional/api/from_pulpcore/test_proxy.py::test_sync_https_through_http_proxy_with_auth
Mon, 16 Oct 2023 03:13:06 GMT usr/local/lib/python3.8/site-packages/pulp_file/tests/functional/api/from_pulpcore/test_reclaim_disk_space.py::test_reclaim_on_demand_content
Mon, 16 Oct 2023 03:13:07 GMT [gw1] [ 75%] PASSED usr/local/lib/python3.8/site-packages/pulp_file/tests/functional/api/from_pulpcore/test_crud_repos.py::test_repository_remote_filter
Mon, 16 Oct 2023 03:13:07 GMT [gw4] [ 76%] PASSED usr/local/lib/python3.8/site-packages/pulp_file/tests/functional/api/from_pulpcore/test_proxy.py::test_sync_https_through_http_proxy
Mon, 16 Oct 2023 03:13:15 GMT usr/local/lib/python3.8/site-packages/pulp_file/tests/functional/api/from_pulpcore/test_reclaim_disk_space.py::test_immediate_reclaim_becomes_on_demand
Mon, 16 Oct 2023 03:13:16 GMT usr/local/lib/python3.8/site-packages/pulp_file/tests/functional/api/from_pulpcore/test_repo_versions.py::test_add_remove_content
Mon, 16 Oct 2023 03:13:22 GMT [gw6] [ 77%] PASSED usr/local/lib/python3.8/site-packages/pulp_file/tests/functional/api/test_publish.py::test_crd_publications
Mon, 16 Oct 2023 03:13:27 GMT [gw7] [ 78%] PASSED usr/local/lib/python3.8/site-packages/pulp_file/tests/functional/api/from_pulpcore/test_reclaim_disk_space.py::test_reclaim_on_demand_content
Mon, 16 Oct 2023 03:13:29 GMT [gw5] [ 79%] PASSED usr/local/lib/python3.8/site-packages/pulp_file/tests/functional/api/from_pulpcore/test_reclaim_disk_space.py::test_immediate_reclaim_becomes_on_demand
Mon, 16 Oct 2023 03:13:29 GMT usr/local/lib/python3.8/site-packages/pulp_file/tests/functional/api/from_pulpcore/test_proxy.py::test_sync_http_through_http_proxy
Mon, 16 Oct 2023 03:13:32 GMT usr/local/lib/python3.8/site-packages/pulp_file/tests/functional/api/from_pulpcore/test_reclaim_disk_space.py::test_reclaim_immediate_content
Mon, 16 Oct 2023 03:13:35 GMT usr/local/lib/python3.8/site-packages/pulp_file/tests/functional/api/from_pulpcore/test_repo_versions.py::test_add_remove_repo_version
Mon, 16 Oct 2023 03:13:37 GMT [gw0] [ 80%] PASSED usr/local/lib/python3.8/site-packages/pulp_file/tests/functional/api/from_pulpcore/test_distributions.py::test_distribution_filtering
Mon, 16 Oct 2023 03:13:37 GMT usr/local/lib/python3.8/site-packages/pulp_file/tests/functional/api/from_pulpcore/test_repo_versions.py::test_squash_repo_version
Mon, 16 Oct 2023 03:13:39 GMT [gw6] [ 81%] PASSED usr/local/lib/python3.8/site-packages/pulp_file/tests/functional/api/from_pulpcore/test_proxy.py::test_sync_http_through_http_proxy
Mon, 16 Oct 2023 03:13:45 GMT [gw2] [ 82%] PASSED usr/local/lib/python3.8/site-packages/pulp_file/tests/functional/api/from_pulpcore/test_distributions.py::test_crud_publication_distribution
Mon, 16 Oct 2023 03:13:46 GMT usr/local/lib/python3.8/site-packages/pulp_file/tests/functional/api/from_pulpcore/test_repo_versions.py::test_filter_repo_version
Mon, 16 Oct 2023 03:13:49 GMT [gw4] [ 83%] PASSED usr/local/lib/python3.8/site-packages/pulp_file/tests/functional/api/from_pulpcore/test_repo_versions.py::test_add_remove_content
Mon, 16 Oct 2023 03:13:52 GMT usr/local/lib/python3.8/site-packages/pulp_file/tests/functional/api/from_pulpcore/test_proxy.py::test_sync_http_through_https_proxy
Mon, 16 Oct 2023 03:13:53 GMT [gw1] [ 84%] PASSED usr/local/lib/python3.8/site-packages/pulp_file/tests/functional/api/from_pulpcore/test_reclaim_disk_space.py::test_reclaim_immediate_content
Mon, 16 Oct 2023 03:13:57 GMT usr/local/lib/python3.8/site-packages/pulp_file/tests/functional/api/from_pulpcore/test_repo_versions.py::test_content_immutable_repo_version
Mon, 16 Oct 2023 03:13:59 GMT [gw2] [ 85%] PASSED usr/local/lib/python3.8/site-packages/pulp_file/tests/functional/api/from_pulpcore/test_proxy.py::test_sync_http_through_https_proxy
Mon, 16 Oct 2023 03:14:05 GMT usr/local/lib/python3.8/site-packages/pulp_file/tests/functional/api/from_pulpcore/test_repo_versions.py::test_create_repo_base_version
Mon, 16 Oct 2023 03:14:06 GMT usr/local/lib/python3.8/site-packages/pulp_file/tests/functional/api/from_pulpcore/test_repo_versions.py::test_repo_version_retention
Mon, 16 Oct 2023 03:14:12 GMT [gw4] [ 86%] PASSED usr/local/lib/python3.8/site-packages/pulp_file/tests/functional/api/from_pulpcore/test_repo_versions.py::test_content_immutable_repo_version
Mon, 16 Oct 2023 03:14:14 GMT usr/local/lib/python3.8/site-packages/pulp_file/tests/functional/api/from_pulpcore/test_repo_versions.py::test_content_in_repository_version_view
Mon, 16 Oct 2023 03:14:38 GMT usr/local/lib/python3.8/site-packages/pulp_file/tests/functional/api/from_pulpcore/test_pagination.py::test_repo_version_pagination
Mon, 16 Oct 2023 03:14:53 GMT [gw4] [ 87%] PASSED usr/local/lib/python3.8/site-packages/pulp_file/tests/functional/api/from_pulpcore/test_repo_versions.py::test_content_in_repository_version_view
Mon, 16 Oct 2023 03:15:02 GMT [gw1] [ 88%] PASSED usr/local/lib/python3.8/site-packages/pulp_file/tests/functional/api/from_pulpcore/test_repo_versions.py::test_create_repo_base_version
Mon, 16 Oct 2023 03:15:05 GMT [gw5] [ 89%] PASSED usr/local/lib/python3.8/site-packages/pulp_file/tests/functional/api/from_pulpcore/test_repo_versions.py::test_squash_repo_version
Mon, 16 Oct 2023 03:15:07 GMT usr/local/lib/python3.8/site-packages/pulp_file/tests/functional/api/from_pulpcore/test_tasks.py::test_retrieve_task_with_fields_created_resources_only
Mon, 16 Oct 2023 03:15:14 GMT usr/local/lib/python3.8/site-packages/pulp_file/tests/functional/api/from_pulpcore/test_repo_versions.py::test_delete_repo_version_resources
Mon, 16 Oct 2023 03:15:18 GMT [gw1] [ 90%] PASSED usr/local/lib/python3.8/site-packages/pulp_file/tests/functional/api/from_pulpcore/test_tasks.py::test_retrieve_task_with_fields_created_resources_only
Mon, 16 Oct 2023 03:15:20 GMT [gw2] [ 91%] PASSED usr/local/lib/python3.8/site-packages/pulp_file/tests/functional/api/from_pulpcore/test_repo_versions.py::test_repo_version_retention
Mon, 16 Oct 2023 03:15:25 GMT [gw7] [ 92%] PASSED usr/local/lib/python3.8/site-packages/pulp_file/tests/functional/api/from_pulpcore/test_repo_versions.py::test_add_remove_repo_version
Mon, 16 Oct 2023 03:15:25 GMT [gw6] [ 93%] PASSED usr/local/lib/python3.8/site-packages/pulp_file/tests/functional/api/from_pulpcore/test_repo_versions.py::test_filter_repo_version
Mon, 16 Oct 2023 03:15:26 GMT usr/local/lib/python3.8/site-packages/pulp_file/tests/functional/api/from_pulpcore/test_repo_versions.py::test_filter_artifacts
Mon, 16 Oct 2023 03:15:29 GMT [gw5] [ 94%] PASSED usr/local/lib/python3.8/site-packages/pulp_file/tests/functional/api/from_pulpcore/test_repo_versions.py::test_delete_repo_version_resources
Mon, 16 Oct 2023 03:15:33 GMT usr/local/lib/python3.8/site-packages/pulp_file/tests/functional/api/from_pulpcore/test_repo_versions.py::test_clear_all_units_repo_version
Mon, 16 Oct 2023 03:15:33 GMT usr/local/lib/python3.8/site-packages/pulp_file/tests/functional/api/from_pulpcore/test_unlinking_repo.py::test_shared_remote_usage
Mon, 16 Oct 2023 03:15:39 GMT [gw2] [ 95%] SKIPPED usr/local/lib/python3.8/site-packages/pulp_file/tests/functional/api/from_pulpcore/test_unlinking_repo.py::test_shared_remote_usage
Mon, 16 Oct 2023 03:16:02 GMT [gw7] [ 96%] PASSED usr/local/lib/python3.8/site-packages/pulp_file/tests/functional/api/from_pulpcore/test_repo_versions.py::test_filter_artifacts
Mon, 16 Oct 2023 03:16:03 GMT [gw6] [ 97%] PASSED usr/local/lib/python3.8/site-packages/pulp_file/tests/functional/api/from_pulpcore/test_repo_versions.py::test_clear_all_units_repo_version
