Tue, 24 Oct 2023 03:08:03 GMT usr/local/lib/python3.8/site-packages/pulp_file/tests/functional/api/test_acs.py::test_acs_validation_and_update
Tue, 24 Oct 2023 03:08:03 GMT usr/local/lib/python3.8/site-packages/pulp_file/tests/functional/api/test_crud_content_unit.py::test_same_sha256_same_relative_path_repo_specified
Tue, 24 Oct 2023 03:08:03 GMT usr/local/lib/python3.8/site-packages/pulp_file/tests/functional/api/test_acs.py::test_serving_acs_content
Tue, 24 Oct 2023 03:08:03 GMT usr/local/lib/python3.8/site-packages/pulp_file/tests/functional/api/test_crud_remotes.py::test_default_remote_policy_immediate
Tue, 24 Oct 2023 03:08:03 GMT usr/local/lib/python3.8/site-packages/pulp_file/tests/functional/api/test_crud_remotes.py::test_remote_crud_workflow
Tue, 24 Oct 2023 03:08:03 GMT usr/local/lib/python3.8/site-packages/pulp_file/tests/functional/api/test_crud_content_unit.py::test_cannot_create_repo_version_with_two_relative_paths_the_same
Tue, 24 Oct 2023 03:08:03 GMT usr/local/lib/python3.8/site-packages/pulp_file/tests/functional/api/test_bad_sync.py::test_bad_response_retry_multiple_files
Tue, 24 Oct 2023 03:08:04 GMT usr/local/lib/python3.8/site-packages/pulp_file/tests/functional/api/test_crud_remotes.py::test_can_update_remote_policy
Tue, 24 Oct 2023 03:08:07 GMT [gw6] [  1%] PASSED usr/local/lib/python3.8/site-packages/pulp_file/tests/functional/api/test_crud_remotes.py::test_default_remote_policy_immediate
Tue, 24 Oct 2023 03:08:09 GMT usr/local/lib/python3.8/site-packages/pulp_file/tests/functional/api/test_crud_remotes.py::test_specify_remote_policy_streamed
Tue, 24 Oct 2023 03:08:10 GMT [gw6] [  2%] PASSED usr/local/lib/python3.8/site-packages/pulp_file/tests/functional/api/test_crud_remotes.py::test_specify_remote_policy_streamed
Tue, 24 Oct 2023 03:08:12 GMT [gw7] [  3%] PASSED usr/local/lib/python3.8/site-packages/pulp_file/tests/functional/api/test_crud_remotes.py::test_can_update_remote_policy
Tue, 24 Oct 2023 03:08:13 GMT usr/local/lib/python3.8/site-packages/pulp_file/tests/functional/api/test_crud_remotes.py::test_specify_remote_policy_on_demand
Tue, 24 Oct 2023 03:08:13 GMT [gw2] [  4%] PASSED usr/local/lib/python3.8/site-packages/pulp_file/tests/functional/api/test_bad_sync.py::test_bad_response_retry_multiple_files
Tue, 24 Oct 2023 03:08:14 GMT usr/local/lib/python3.8/site-packages/pulp_file/tests/functional/api/test_domains.py::test_object_creation
Tue, 24 Oct 2023 03:08:17 GMT [gw6] [  5%] PASSED usr/local/lib/python3.8/site-packages/pulp_file/tests/functional/api/test_crud_remotes.py::test_specify_remote_policy_on_demand
Tue, 24 Oct 2023 03:08:17 GMT [gw5] [  6%] PASSED usr/local/lib/python3.8/site-packages/pulp_file/tests/functional/api/test_crud_remotes.py::test_remote_crud_workflow
Tue, 24 Oct 2023 03:08:19 GMT usr/local/lib/python3.8/site-packages/pulp_file/tests/functional/api/test_domains.py::test_content_upload
Tue, 24 Oct 2023 03:08:20 GMT usr/local/lib/python3.8/site-packages/pulp_file/tests/functional/api/test_crud_content_unit.py::test_crud_content_unit
Tue, 24 Oct 2023 03:08:21 GMT usr/local/lib/python3.8/site-packages/pulp_file/tests/functional/api/test_crud_remotes.py::test_create_file_remote_with_invalid_parameter
Tue, 24 Oct 2023 03:08:21 GMT [gw5] [  7%] PASSED usr/local/lib/python3.8/site-packages/pulp_file/tests/functional/api/test_crud_remotes.py::test_create_file_remote_with_invalid_parameter
Tue, 24 Oct 2023 03:08:23 GMT usr/local/lib/python3.8/site-packages/pulp_file/tests/functional/api/test_crud_remotes.py::test_create_file_remote_without_url
Tue, 24 Oct 2023 03:08:23 GMT [gw5] [  8%] PASSED usr/local/lib/python3.8/site-packages/pulp_file/tests/functional/api/test_crud_remotes.py::test_create_file_remote_without_url
Tue, 24 Oct 2023 03:08:24 GMT usr/local/lib/python3.8/site-packages/pulp_file/tests/functional/api/test_download_policies.py::test_download_policy[immediate]
Tue, 24 Oct 2023 03:08:24 GMT [gw1] [  9%] PASSED usr/local/lib/python3.8/site-packages/pulp_file/tests/functional/api/test_acs.py::test_serving_acs_content
Tue, 24 Oct 2023 03:08:25 GMT [gw4] [ 10%] PASSED usr/local/lib/python3.8/site-packages/pulp_file/tests/functional/api/test_crud_content_unit.py::test_cannot_create_repo_version_with_two_relative_paths_the_same
Tue, 24 Oct 2023 03:08:25 GMT [gw7] [ 11%] PASSED usr/local/lib/python3.8/site-packages/pulp_file/tests/functional/api/test_domains.py::test_object_creation
Tue, 24 Oct 2023 03:08:29 GMT [gw0] [ 12%] PASSED usr/local/lib/python3.8/site-packages/pulp_file/tests/functional/api/test_acs.py::test_acs_validation_and_update
Tue, 24 Oct 2023 03:08:31 GMT [gw2] [ 13%] PASSED usr/local/lib/python3.8/site-packages/pulp_file/tests/functional/api/test_crud_content_unit.py::test_crud_content_unit
Tue, 24 Oct 2023 03:08:31 GMT usr/local/lib/python3.8/site-packages/pulp_file/tests/functional/api/test_crud_content_unit.py::test_bad_inputs_to_modify_endpoint
Tue, 24 Oct 2023 03:08:35 GMT usr/local/lib/python3.8/site-packages/pulp_file/tests/functional/api/test_crud_content_unit.py::test_same_sha256_same_relative_path_no_repo
Tue, 24 Oct 2023 03:08:35 GMT usr/local/lib/python3.8/site-packages/pulp_file/tests/functional/api/test_domains.py::test_artifact_upload
Tue, 24 Oct 2023 03:08:35 GMT usr/local/lib/python3.8/site-packages/pulp_file/tests/functional/api/test_acs.py::test_acs_sync
Tue, 24 Oct 2023 03:08:36 GMT [gw6] [ 14%] PASSED usr/local/lib/python3.8/site-packages/pulp_file/tests/functional/api/test_domains.py::test_content_upload
Tue, 24 Oct 2023 03:08:39 GMT [gw3] [ 15%] PASSED usr/local/lib/python3.8/site-packages/pulp_file/tests/functional/api/test_crud_content_unit.py::test_same_sha256_same_relative_path_repo_specified
Tue, 24 Oct 2023 03:08:39 GMT usr/local/lib/python3.8/site-packages/pulp_file/tests/functional/api/test_domains.py::test_content_promotion
Tue, 24 Oct 2023 03:08:41 GMT [gw4] [ 16%] PASSED usr/local/lib/python3.8/site-packages/pulp_file/tests/functional/api/test_crud_content_unit.py::test_bad_inputs_to_modify_endpoint
Tue, 24 Oct 2023 03:08:42 GMT usr/local/lib/python3.8/site-packages/pulp_file/tests/functional/api/test_auto_publish.py::test_auto_publish_and_distribution
Tue, 24 Oct 2023 03:08:44 GMT usr/local/lib/python3.8/site-packages/pulp_file/tests/functional/api/test_crud_content_unit.py::test_create_file_content_from_chunked_upload
Tue, 24 Oct 2023 03:08:46 GMT [gw2] [ 17%] PASSED usr/local/lib/python3.8/site-packages/pulp_file/tests/functional/api/test_crud_content_unit.py::test_same_sha256_same_relative_path_no_repo
Tue, 24 Oct 2023 03:08:47 GMT usr/local/lib/python3.8/site-packages/pulp_file/tests/functional/api/test_generic_list.py::test_read_all_repos_generic
Tue, 24 Oct 2023 03:08:48 GMT usr/local/lib/python3.8/site-packages/pulp_file/tests/functional/api/test_crud_content_unit.py::test_same_sha256_diff_relative_path
Tue, 24 Oct 2023 03:08:50 GMT [gw0] [ 18%] PASSED usr/local/lib/python3.8/site-packages/pulp_file/tests/functional/api/test_acs.py::test_acs_sync
Tue, 24 Oct 2023 03:11:52 GMT [gw7] [ 70%] PASSED usr/local/lib/python3.8/site-packages/pulp_file/tests/functional/api/from_pulpcore/test_proxy.py::test_sync_https_through_http_proxy
Tue, 24 Oct 2023 03:11:58 GMT usr/local/lib/python3.8/site-packages/pulp_file/tests/functional/api/from_pulpcore/test_crud_repos.py::test_repository_remote_filter
Tue, 24 Oct 2023 03:11:58 GMT [gw5] [ 71%] PASSED usr/local/lib/python3.8/site-packages/pulp_file/tests/functional/api/from_pulpcore/test_content_delivery.py::test_delete_remote_on_demand
Tue, 24 Oct 2023 03:11:59 GMT usr/local/lib/python3.8/site-packages/pulp_file/tests/functional/api/from_pulpcore/test_proxy.py::test_sync_https_through_http_proxy_with_auth_but_auth_not_configured
Tue, 24 Oct 2023 03:12:00 GMT usr/local/lib/python3.8/site-packages/pulp_file/tests/functional/api/from_pulpcore/test_distributions.py::test_distribution_base_path
Tue, 24 Oct 2023 03:12:00 GMT [gw0] [ 72%] PASSED usr/local/lib/python3.8/site-packages/pulp_file/tests/functional/api/from_pulpcore/test_crud_repos.py::test_crud_remotes_full_workflow
Tue, 24 Oct 2023 03:12:04 GMT [gw1] [ 73%] PASSED usr/local/lib/python3.8/site-packages/pulp_file/tests/functional/api/from_pulpcore/test_distributions.py::test_crud_publication_distribution
Tue, 24 Oct 2023 03:12:07 GMT [gw7] [ 74%] PASSED usr/local/lib/python3.8/site-packages/pulp_file/tests/functional/api/from_pulpcore/test_proxy.py::test_sync_https_through_http_proxy_with_auth_but_auth_not_configured
Tue, 24 Oct 2023 03:12:08 GMT usr/local/lib/python3.8/site-packages/pulp_file/tests/functional/api/from_pulpcore/test_pagination.py::test_repo_version_pagination
Tue, 24 Oct 2023 03:12:08 GMT usr/local/lib/python3.8/site-packages/pulp_file/tests/functional/api/from_pulpcore/test_proxy.py::test_sync_https_through_http_proxy_with_auth
Tue, 24 Oct 2023 03:12:10 GMT usr/local/lib/python3.8/site-packages/pulp_file/tests/functional/api/from_pulpcore/test_distributions.py::test_distribution_filtering
Tue, 24 Oct 2023 03:12:10 GMT usr/local/lib/python3.8/site-packages/pulp_file/tests/functional/api/from_pulpcore/test_reclaim_disk_space.py::test_reclaim_immediate_content
Tue, 24 Oct 2023 03:12:14 GMT [gw2] [ 75%] PASSED usr/local/lib/python3.8/site-packages/pulp_file/tests/functional/api/from_pulpcore/test_crud_repos.py::test_repository_remote_filter
Tue, 24 Oct 2023 03:12:15 GMT [gw4] [ 76%] PASSED usr/local/lib/python3.8/site-packages/pulp_file/tests/functional/api/from_pulpcore/test_distributions.py::test_distribution_base_path
Tue, 24 Oct 2023 03:12:17 GMT [gw5] [ 77%] PASSED usr/local/lib/python3.8/site-packages/pulp_file/tests/functional/api/from_pulpcore/test_proxy.py::test_sync_https_through_http_proxy_with_auth
Tue, 24 Oct 2023 03:12:20 GMT usr/local/lib/python3.8/site-packages/pulp_file/tests/functional/api/from_pulpcore/test_reclaim_disk_space.py::test_reclaim_on_demand_content
Tue, 24 Oct 2023 03:12:21 GMT [gw6] [ 78%] PASSED usr/local/lib/python3.8/site-packages/pulp_file/tests/functional/api/test_publish.py::test_crd_publications
Tue, 24 Oct 2023 03:12:31 GMT usr/local/lib/python3.8/site-packages/pulp_file/tests/functional/api/from_pulpcore/test_repo_versions.py::test_add_remove_content
Tue, 24 Oct 2023 03:12:31 GMT [gw7] [ 79%] PASSED usr/local/lib/python3.8/site-packages/pulp_file/tests/functional/api/from_pulpcore/test_reclaim_disk_space.py::test_reclaim_immediate_content
Tue, 24 Oct 2023 03:12:32 GMT usr/local/lib/python3.8/site-packages/pulp_file/tests/functional/api/from_pulpcore/test_proxy.py::test_sync_http_through_https_proxy
Tue, 24 Oct 2023 03:12:35 GMT usr/local/lib/python3.8/site-packages/pulp_file/tests/functional/api/from_pulpcore/test_proxy.py::test_sync_http_through_http_proxy
Tue, 24 Oct 2023 03:12:37 GMT [gw4] [ 80%] PASSED usr/local/lib/python3.8/site-packages/pulp_file/tests/functional/api/from_pulpcore/test_reclaim_disk_space.py::test_reclaim_on_demand_content
Tue, 24 Oct 2023 03:12:39 GMT usr/local/lib/python3.8/site-packages/pulp_file/tests/functional/api/from_pulpcore/test_repo_versions.py::test_squash_repo_version
Tue, 24 Oct 2023 03:12:39 GMT [gw2] [ 81%] PASSED usr/local/lib/python3.8/site-packages/pulp_file/tests/functional/api/from_pulpcore/test_proxy.py::test_sync_http_through_https_proxy
Tue, 24 Oct 2023 03:12:44 GMT [gw6] [ 82%] PASSED usr/local/lib/python3.8/site-packages/pulp_file/tests/functional/api/from_pulpcore/test_proxy.py::test_sync_http_through_http_proxy
Tue, 24 Oct 2023 03:12:46 GMT usr/local/lib/python3.8/site-packages/pulp_file/tests/functional/api/from_pulpcore/test_repo_versions.py::test_content_immutable_repo_version
Tue, 24 Oct 2023 03:12:46 GMT usr/local/lib/python3.8/site-packages/pulp_file/tests/functional/api/from_pulpcore/test_repo_versions.py::test_create_repo_base_version
Tue, 24 Oct 2023 03:12:49 GMT usr/local/lib/python3.8/site-packages/pulp_file/tests/functional/api/from_pulpcore/test_repo_versions.py::test_filter_artifacts
Tue, 24 Oct 2023 03:12:55 GMT [gw5] [ 83%] PASSED usr/local/lib/python3.8/site-packages/pulp_file/tests/functional/api/from_pulpcore/test_repo_versions.py::test_add_remove_content
Tue, 24 Oct 2023 03:12:56 GMT usr/local/lib/python3.8/site-packages/pulp_file/tests/functional/api/from_pulpcore/test_repo_versions.py::test_filter_repo_version
Tue, 24 Oct 2023 03:13:02 GMT [gw4] [ 84%] PASSED usr/local/lib/python3.8/site-packages/pulp_file/tests/functional/api/from_pulpcore/test_repo_versions.py::test_content_immutable_repo_version
Tue, 24 Oct 2023 03:13:09 GMT usr/local/lib/python3.8/site-packages/pulp_file/tests/functional/api/from_pulpcore/test_repo_versions.py::test_clear_all_units_repo_version
Tue, 24 Oct 2023 03:13:22 GMT [gw6] [ 85%] PASSED usr/local/lib/python3.8/site-packages/pulp_file/tests/functional/api/from_pulpcore/test_repo_versions.py::test_filter_artifacts
Tue, 24 Oct 2023 03:13:23 GMT usr/local/lib/python3.8/site-packages/pulp_file/tests/functional/api/from_pulpcore/test_repo_versions.py::test_content_in_repository_version_view
Tue, 24 Oct 2023 03:13:35 GMT [gw1] [ 86%] PASSED usr/local/lib/python3.8/site-packages/pulp_file/tests/functional/api/from_pulpcore/test_distributions.py::test_distribution_filtering
Tue, 24 Oct 2023 03:13:44 GMT [gw2] [ 87%] PASSED usr/local/lib/python3.8/site-packages/pulp_file/tests/functional/api/from_pulpcore/test_repo_versions.py::test_create_repo_base_version
Tue, 24 Oct 2023 03:13:48 GMT [gw6] [ 88%] PASSED usr/local/lib/python3.8/site-packages/pulp_file/tests/functional/api/from_pulpcore/test_repo_versions.py::test_content_in_repository_version_view
Tue, 24 Oct 2023 03:13:55 GMT usr/local/lib/python3.8/site-packages/pulp_file/tests/functional/api/from_pulpcore/test_repo_versions.py::test_repo_version_retention
Tue, 24 Oct 2023 03:13:56 GMT [gw7] [ 89%] PASSED usr/local/lib/python3.8/site-packages/pulp_file/tests/functional/api/from_pulpcore/test_repo_versions.py::test_squash_repo_version
Tue, 24 Oct 2023 03:14:00 GMT usr/local/lib/python3.8/site-packages/pulp_file/tests/functional/api/from_pulpcore/test_repo_versions.py::test_add_remove_repo_version
Tue, 24 Oct 2023 03:14:17 GMT usr/local/lib/python3.8/site-packages/pulp_file/tests/functional/api/from_pulpcore/test_repo_versions.py::test_delete_repo_version_resources
Tue, 24 Oct 2023 03:14:18 GMT [gw4] [ 90%] PASSED usr/local/lib/python3.8/site-packages/pulp_file/tests/functional/api/from_pulpcore/test_repo_versions.py::test_clear_all_units_repo_version
Tue, 24 Oct 2023 03:14:24 GMT [gw7] [ 91%] PASSED usr/local/lib/python3.8/site-packages/pulp_file/tests/functional/api/from_pulpcore/test_repo_versions.py::test_delete_repo_version_resources
Tue, 24 Oct 2023 03:14:27 GMT [gw5] [ 92%] PASSED usr/local/lib/python3.8/site-packages/pulp_file/tests/functional/api/from_pulpcore/test_repo_versions.py::test_filter_repo_version
Tue, 24 Oct 2023 03:14:27 GMT usr/local/lib/python3.8/site-packages/pulp_file/tests/functional/api/from_pulpcore/test_unlinking_repo.py::test_shared_remote_usage
Tue, 24 Oct 2023 03:14:29 GMT [gw4] [ 93%] SKIPPED usr/local/lib/python3.8/site-packages/pulp_file/tests/functional/api/from_pulpcore/test_unlinking_repo.py::test_shared_remote_usage
Tue, 24 Oct 2023 03:14:33 GMT usr/local/lib/python3.8/site-packages/pulp_file/tests/functional/api/from_pulpcore/test_tasks.py::test_retrieve_task_with_fields_created_resources_only
Tue, 24 Oct 2023 03:14:34 GMT [gw0] [ 94%] PASSED usr/local/lib/python3.8/site-packages/pulp_file/tests/functional/api/from_pulpcore/test_pagination.py::test_repo_version_pagination
Tue, 24 Oct 2023 03:14:35 GMT [gw5] [ 95%] PASSED usr/local/lib/python3.8/site-packages/pulp_file/tests/functional/api/from_pulpcore/test_tasks.py::test_retrieve_task_with_fields_created_resources_only
Tue, 24 Oct 2023 03:14:41 GMT usr/local/lib/python3.8/site-packages/pulp_file/tests/functional/api/from_pulpcore/test_reclaim_disk_space.py::test_immediate_reclaim_becomes_on_demand
Tue, 24 Oct 2023 03:14:46 GMT [gw2] [ 96%] PASSED usr/local/lib/python3.8/site-packages/pulp_file/tests/functional/api/from_pulpcore/test_repo_versions.py::test_repo_version_retention
Tue, 24 Oct 2023 03:14:55 GMT [gw0] [ 97%] PASSED usr/local/lib/python3.8/site-packages/pulp_file/tests/functional/api/from_pulpcore/test_reclaim_disk_space.py::test_immediate_reclaim_becomes_on_demand
Tue, 24 Oct 2023 09:02:58 GMT Error: The operation was canceled.
